Log file open, 01/05/22 19:31:21
LogWindows: Failed to load 'aqProf.dll' (GetLastError=126)
LogWindows: File 'aqProf.dll' does not exist
LogWindows: Failed to load 'VtuneApi.dll' (GetLastError=126)
LogWindows: File 'VtuneApi.dll' does not exist
LogWindows: Failed to load 'VtuneApi32e.dll' (GetLastError=126)
LogWindows: File 'VtuneApi32e.dll' does not exist
LogConsoleResponse: Display: Failed to find resolution value strings in scalability ini. Falling back to default.
LogConsoleResponse: Display: Failed to find resolution value strings in scalability ini. Falling back to default.
LogInit: Display: Running engine for game: TakeThree
LogPlatformFile: Not using cached read wrapper
LogTaskGraph: Started task graph with 5 named threads and 47 total threads with 3 sets of task threads.
LogStats: Stats thread started at 5.166353
LogICUInternationalization: ICU TimeZone Detection - Raw Offset: -7:00, Platform Override: ''
LogInit: Display: Loading text-based GConfig....
LogPluginManager: Mounting plugin MeshPainting
LogPluginManager: Mounting plugin XGEController
LogPluginManager: Mounting plugin Paper2D
LogPluginManager: Mounting plugin LightPropagationVolume
LogPluginManager: Mounting plugin LiveLink
LogPluginManager: Mounting plugin GameplayCameras
LogPluginManager: Mounting plugin CameraShakePreviewer
LogPluginManager: Mounting plugin OodleData
LogPluginManager: Mounting plugin OodleNetwork
LogPluginManager: Mounting plugin AnimationSharing
LogPluginManager: Mounting plugin CodeLiteSourceCodeAccess
LogPluginManager: Mounting plugin CLionSourceCodeAccess
LogPluginManager: Mounting plugin GitSourceControl
LogPluginManager: Mounting plugin KDevelopSourceCodeAccess
LogPluginManager: Mounting plugin NullSourceCodeAccess
LogPluginManager: Mounting plugin PerforceSourceControl
LogPluginManager: Mounting plugin PixWinPlugin
LogPluginManager: Mounting plugin PlasticSourceControl
LogPluginManager: Mounting plugin PluginUtils
LogPluginManager: Mounting plugin PropertyAccessNode
LogPluginManager: Mounting plugin RiderSourceCodeAccess
LogPluginManager: Mounting plugin SubversionSourceControl
LogPluginManager: Mounting plugin VariantManagerContent
LogPluginManager: Mounting plugin AutomationUtils
LogPluginManager: Mounting plugin BackChannel
LogPluginManager: Mounting plugin ChaosCloth
LogPluginManager: Mounting plugin ChaosClothEditor
LogPluginManager: Mounting plugin ChaosEditor
LogPluginManager: Mounting plugin ChaosSolverPlugin
LogPluginManager: Mounting plugin CharacterAI
LogPluginManager: Mounting plugin GeometryCache
LogPluginManager: Mounting plugin GeometryCollectionPlugin
LogPluginManager: Mounting plugin TextureFormatOodle
LogPluginManager: Mounting plugin UObjectPlugin
LogPluginManager: Mounting plugin VisualStudioSourceCodeAccess
LogPluginManager: Mounting plugin DatasmithContent
LogPluginManager: Mounting plugin VisualStudioCodeSourceCodeAccess
LogPluginManager: Mounting plugin XCodeSourceCodeAccess
LogPluginManager: Mounting plugin AlembicImporter
LogPluginManager: Mounting plugin ChaosNiagara
LogPluginManager: Mounting plugin GeometryProcessing
LogPluginManager: Mounting plugin MotoSynth
LogPluginManager: Mounting plugin OpenImageDenoise
LogPluginManager: Mounting plugin ProxyLODPlugin
LogPluginManager: Mounting plugin PlanarCut
LogPluginManager: Mounting plugin PlatformCrypto
LogPluginManager: Mounting plugin PythonScriptPlugin
LogPluginManager: Mounting plugin SkeletalReduction
LogPluginManager: Mounting plugin Niagara
LogPluginManager: Mounting plugin LuminPlatformFeatures
LogPluginManager: Mounting plugin MagicLeap
LogPluginManager: Mounting plugin MagicLeapLightEstimation
LogPluginManager: Mounting plugin MagicLeapMedia
LogPluginManager: Mounting plugin TcpMessaging
LogPluginManager: Mounting plugin UdpMessaging
LogPluginManager: Mounting plugin AndroidMedia
LogPluginManager: Mounting plugin MagicLeapPassableWorld
LogPluginManager: Mounting plugin AvfMedia
LogPluginManager: Mounting plugin MLSDK
LogPluginManager: Mounting plugin ActorSequence
LogPluginManager: Mounting plugin ImgMedia
LogPluginManager: Mounting plugin LevelSequenceEditor
LogPluginManager: Mounting plugin MatineeToLevelSequence
LogPluginManager: Mounting plugin MediaCompositing
LogPluginManager: Mounting plugin WebMMedia
LogPluginManager: Mounting plugin WmfMedia
LogPluginManager: Mounting plugin OnlineSubsystemNull
LogPluginManager: Mounting plugin AISupport
LogPluginManager: Mounting plugin AssetManagerEditor
LogPluginManager: Mounting plugin CryptoKeys
LogPluginManager: Mounting plugin CurveEditorTools
LogPluginManager: Mounting plugin DataValidation
LogPluginManager: Mounting plugin FacialAnimation
LogPluginManager: Mounting plugin GameplayTagsEditor
LogPluginManager: Mounting plugin GeometryMode
LogPluginManager: Mounting plugin MacGraphicsSwitching
LogPluginManager: Mounting plugin OnlineSubsystemUtils
LogPluginManager: Mounting plugin LauncherChunkInstaller
LogPluginManager: Mounting plugin MaterialAnalyzer
LogPluginManager: Mounting plugin TemplateSequence
LogPluginManager: Mounting plugin PluginBrowser
LogPluginManager: Mounting plugin MobileLauncherProfileWizard
LogPluginManager: Mounting plugin SpeedTreeImporter
LogPluginManager: Mounting plugin ActorLayerUtilities
LogPluginManager: Mounting plugin ScreenshotTools
LogPluginManager: Mounting plugin AndroidMoviePlayer
LogPluginManager: Mounting plugin AndroidPermission
LogPluginManager: Mounting plugin AndroidDeviceProfileSelector
LogPluginManager: Mounting plugin AppleImageUtils
LogPluginManager: Mounting plugin OnlineSubsystem
LogPluginManager: Mounting plugin MediaPlayerEditor
LogPluginManager: Mounting plugin AppleMoviePlayer
LogPluginManager: Mounting plugin AudioCapture
LogPluginManager: Mounting plugin AssetTags
LogPluginManager: Mounting plugin ArchVisCharacter
LogPluginManager: Mounting plugin AudioSynesthesia
LogPluginManager: Mounting plugin CableComponent
LogPluginManager: Mounting plugin ChunkDownloader
LogPluginManager: Mounting plugin CustomMeshComponent
LogPluginManager: Mounting plugin EditableMesh
LogPluginManager: Mounting plugin ExampleDeviceProfileSelector
LogPluginManager: Mounting plugin EnvironmentQueryEditor
LogPluginManager: Mounting plugin GoogleCloudMessaging
LogPluginManager: Mounting plugin GooglePAD
LogPluginManager: Mounting plugin IOSDeviceProfileSelector
LogPluginManager: Mounting plugin LinuxDeviceProfileSelector
LogPluginManager: Mounting plugin LocationServicesBPLibrary
LogPluginManager: Mounting plugin MobilePatchingUtils
LogPluginManager: Mounting plugin OpenXR
LogPluginManager: Mounting plugin OpenXREyeTracker
LogPluginManager: Mounting plugin OpenXRHandTracking
LogPluginManager: Mounting plugin PhysXVehicles
LogPluginManager: Mounting plugin PostSplashScreen
LogPluginManager: Mounting plugin ProceduralMeshComponent
LogPluginManager: Mounting plugin PropertyAccessEditor
LogPluginManager: Mounting plugin RuntimePhysXCooking
LogPluginManager: Mounting plugin SignificanceManager
LogPluginManager: Mounting plugin SoundFields
LogPluginManager: Mounting plugin Synthesis
LogPluginManager: Mounting plugin WebMMoviePlayer
LogPluginManager: Mounting plugin WindowsMoviePlayer
LogPluginManager: Mounting plugin Takes
LogPluginManager: Mounting plugin OnlineSubsystemGooglePlay
LogPluginManager: Mounting plugin OnlineSubsystemIOS
LogPluginManager: Mounting plugin ContentBrowserAssetDataSource
LogPluginManager: Mounting plugin ContentBrowserClassDataSource
LogPluginManager: Mounting plugin ContentBrowserFileDataSource
LogPluginManager: Mounting plugin OculusVR
LogPluginManager: Mounting plugin SteamVR
PixWinPlugin: PIX capture plugin failed to initialize! Check that the process is launched from PIX.
LogInit: Using libcurl 7.55.1-DEV
LogInit:  - built for x86_64-pc-win32
LogInit:  - supports SSL with OpenSSL/1.1.1
LogInit:  - supports HTTP deflate (compression) using libz 1.2.8
LogInit:  - other features:
LogInit:      CURL_VERSION_SSL
LogInit:      CURL_VERSION_LIBZ
LogInit:      CURL_VERSION_IPV6
LogInit:      CURL_VERSION_ASYNCHDNS
LogInit:      CURL_VERSION_LARGEFILE
LogInit:      CURL_VERSION_IDN
LogInit:  CurlRequestOptions (configurable via config and command line):
LogInit:  - bVerifyPeer = true  - Libcurl will verify peer certificate
LogInit:  - bUseHttpProxy = false  - Libcurl will NOT use HTTP proxy
LogInit:  - bDontReuseConnections = false  - Libcurl will reuse connections
LogInit:  - MaxHostConnections = 16  - Libcurl will limit the number of connections to a host
LogInit:  - LocalHostAddr = Default
LogInit:  - BufferSize = 65536
LogOnline: OSS: Creating online subsystem instance for: NULL
LogInit: WinSock: version 1.1 (2.2), MaxSocks=32767, MaxUdp=65467
LogOnline: OSS: TryLoadSubsystemAndSetDefault: Loaded subsystem for module [NULL]
LogOculusPluginWrapper: OculusPlugin initialized successfully
LogHMD: Failed initializing OVRPlugin 1.59.0
LogInit: Build: ++UE4+Release-4.27-CL-17155196
LogInit: Engine Version: 4.27.0-17155196+++UE4+Release-4.27
LogInit: Compatible Engine Version: 4.27.0-17155196+++UE4+Release-4.27
LogInit: Net CL: 17155196
LogInit: OS: Windows 10 (Release 2009) (), CPU: AMD Ryzen 7 3700X 8-Core Processor             , GPU: AMD Radeon RX 5700 XT
LogInit: Compiled (64-bit): Aug 13 2021 06:13:13
LogInit: Compiled with Visual C++: 19.24.28315.00
LogInit: Build Configuration: Development
LogInit: Branch Name: ++UE4+Release-4.27
LogInit: Command Line: 
LogInit: Base Directory: D:/UE_4.27/Engine/Binaries/Win64/
LogInit: Allocator: TBB
LogInit: Installed Engine Build: 1
LogDevObjectVersion: Number of dev versions registered: 29
LogDevObjectVersion:   Dev-Blueprints (B0D832E4-1F89-4F0D-ACCF-7EB736FD4AA2): 10
LogDevObjectVersion:   Dev-Build (E1C64328-A22C-4D53-A36C-8E866417BD8C): 0
LogDevObjectVersion:   Dev-Core (375EC13C-06E4-48FB-B500-84F0262A717E): 4
LogDevObjectVersion:   Dev-Editor (E4B068ED-F494-42E9-A231-DA0B2E46BB41): 40
LogDevObjectVersion:   Dev-Framework (CFFC743F-43B0-4480-9391-14DF171D2073): 37
LogDevObjectVersion:   Dev-Mobile (B02B49B5-BB20-44E9-A304-32B752E40360): 3
LogDevObjectVersion:   Dev-Networking (A4E4105C-59A1-49B5-A7C5-40C4547EDFEE): 0
LogDevObjectVersion:   Dev-Online (39C831C9-5AE6-47DC-9A44-9C173E1C8E7C): 0
LogDevObjectVersion:   Dev-Physics (78F01B33-EBEA-4F98-B9B4-84EACCB95AA2): 14
LogDevObjectVersion:   Dev-Platform (6631380F-2D4D-43E0-8009-CF276956A95A): 0
LogDevObjectVersion:   Dev-Rendering (12F88B9F-8875-4AFC-A67C-D90C383ABD29): 45
LogDevObjectVersion:   Dev-Sequencer (7B5AE74C-D270-4C10-A958-57980B212A5A): 13
LogDevObjectVersion:   Dev-VR (D7296918-1DD6-4BDD-9DE2-64A83CC13884): 3
LogDevObjectVersion:   Dev-LoadTimes (C2A15278-BFE7-4AFE-6C17-90FF531DF755): 1
LogDevObjectVersion:   Private-Geometry (6EACA3D4-40EC-4CC1-B786-8BED09428FC5): 3
LogDevObjectVersion:   Dev-AnimPhys (29E575DD-E0A3-4627-9D10-D276232CDCEA): 17
LogDevObjectVersion:   Dev-Anim (AF43A65D-7FD3-4947-9873-3E8ED9C1BB05): 15
LogDevObjectVersion:   Dev-ReflectionCapture (6B266CEC-1EC7-4B8F-A30B-E4D90942FC07): 1
LogDevObjectVersion:   Dev-Automation (0DF73D61-A23F-47EA-B727-89E90C41499A): 1
LogDevObjectVersion:   FortniteMain (601D1886-AC64-4F84-AA16-D3DE0DEAC7D6): 47
LogDevObjectVersion:   FortniteRelease (E7086368-6B23-4C58-8439-1B7016265E91): 1
LogDevObjectVersion:   Dev-Enterprise (9DFFBCD6-494F-0158-E221-12823C92A888): 10
LogDevObjectVersion:   Dev-Niagara (F2AED0AC-9AFE-416F-8664-AA7FFA26D6FC): 1
LogDevObjectVersion:   Dev-Destruction (174F1F0B-B4C6-45A5-B13F-2EE8D0FB917D): 10
LogDevObjectVersion:   Dev-Physics-Ext (35F94A83-E258-406C-A318-09F59610247C): 41
LogDevObjectVersion:   Dev-PhysicsMaterial-Chaos (B68FC16E-8B1B-42E2-B453-215C058844FE): 1
LogDevObjectVersion:   Dev-CineCamera (B2E18506-4273-CFC2-A54E-F4BB758BBA07): 1
LogDevObjectVersion:   Dev-VirtualProduction (64F58936-FD1B-42BA-BA96-7289D5D0FA4E): 1
LogDevObjectVersion:   Dev-MediaFramework (6F0ED827-A609-4895-9C91-998D90180EA4): 2
LogInit: Presizing for max 25165824 objects, including 0 objects not considered by GC, pre-allocating 0 bytes for permanent pool.
LogConfig: Applying CVar settings from Section [/Script/Engine.StreamingSettings] File [C:/Users/Jeremy/Documents/ODD/the_flaming_wok/TakeThree 4.27/Saved/Config/Windows/Engine.ini]
LogConfig: Setting CVar [[s.MinBulkDataSizeForAsyncLoading:131072]]
LogConfig: Setting CVar [[s.AsyncLoadingThreadEnabled:0]]
LogConfig: Setting CVar [[s.EventDrivenLoaderEnabled:1]]
LogConfig: Setting CVar [[s.WarnIfTimeLimitExceeded:0]]
LogConfig: Setting CVar [[s.TimeLimitExceededMultiplier:1.5]]
LogConfig: Setting CVar [[s.TimeLimitExceededMinTime:0.005]]
LogConfig: Setting CVar [[s.UseBackgroundLevelStreaming:1]]
LogConfig: Setting CVar [[s.PriorityAsyncLoadingExtraTime:15.0]]
LogConfig: Setting CVar [[s.LevelStreamingActorsUpdateTimeLimit:5.0]]
LogConfig: Setting CVar [[s.PriorityLevelStreamingActorsUpdateExtraTime:5.0]]
LogConfig: Setting CVar [[s.LevelStreamingComponentsRegistrationGranularity:10]]
LogConfig: Setting CVar [[s.UnregisterComponentsTimeLimit:1.0]]
LogConfig: Setting CVar [[s.LevelStreamingComponentsUnregistrationGranularity:5]]
LogConfig: Setting CVar [[s.FlushStreamingOnExit:1]]
LogInit: Object subsystem initialized
LogConfig: Setting CVar [[con.DebugEarlyDefault:1]]
LogConfig: Setting CVar [[r.setres:1280x720]]
[2022.01.06-02.31.28:599][  0]LogConfig: Setting CVar [[r.VSync:0]]
[2022.01.06-02.31.28:599][  0]LogConfig: Setting CVar [[r.RHICmdBypass:0]]
[2022.01.06-02.31.28:600][  0]LogConfig: Applying CVar settings from Section [/Script/Engine.RendererSettings] File [C:/Users/Jeremy/Documents/ODD/the_flaming_wok/TakeThree 4.27/Saved/Config/Windows/Engine.ini]
[2022.01.06-02.31.28:600][  0]LogConfig: Setting CVar [[r.GPUCrashDebugging:0]]
[2022.01.06-02.31.28:600][  0]LogConfig: Applying CVar settings from Section [/Script/Engine.RendererOverrideSettings] File [C:/Users/Jeremy/Documents/ODD/the_flaming_wok/TakeThree 4.27/Saved/Config/Windows/Engine.ini]
[2022.01.06-02.31.28:600][  0]LogConfig: Applying CVar settings from Section [/Script/Engine.StreamingSettings] File [C:/Users/Jeremy/Documents/ODD/the_flaming_wok/TakeThree 4.27/Saved/Config/Windows/Engine.ini]
[2022.01.06-02.31.28:600][  0]LogConfig: Setting CVar [[s.MinBulkDataSizeForAsyncLoading:131072]]
[2022.01.06-02.31.28:600][  0]LogConfig: Setting CVar [[s.AsyncLoadingThreadEnabled:0]]
[2022.01.06-02.31.28:600][  0]LogConfig: Setting CVar [[s.EventDrivenLoaderEnabled:1]]
[2022.01.06-02.31.28:600][  0]LogConfig: Setting CVar [[s.WarnIfTimeLimitExceeded:0]]
[2022.01.06-02.31.28:600][  0]LogConfig: Setting CVar [[s.TimeLimitExceededMultiplier:1.5]]
[2022.01.06-02.31.28:600][  0]LogConfig: Setting CVar [[s.TimeLimitExceededMinTime:0.005]]
[2022.01.06-02.31.28:600][  0]LogConfig: Setting CVar [[s.UseBackgroundLevelStreaming:1]]
[2022.01.06-02.31.28:600][  0]LogConfig: Setting CVar [[s.PriorityAsyncLoadingExtraTime:15.0]]
[2022.01.06-02.31.28:600][  0]LogConfig: Setting CVar [[s.LevelStreamingActorsUpdateTimeLimit:5.0]]
[2022.01.06-02.31.28:600][  0]LogConfig: Setting CVar [[s.PriorityLevelStreamingActorsUpdateExtraTime:5.0]]
[2022.01.06-02.31.28:600][  0]LogConfig: Setting CVar [[s.LevelStreamingComponentsRegistrationGranularity:10]]
[2022.01.06-02.31.28:600][  0]LogConfig: Setting CVar [[s.UnregisterComponentsTimeLimit:1.0]]
[2022.01.06-02.31.28:600][  0]LogConfig: Setting CVar [[s.LevelStreamingComponentsUnregistrationGranularity:5]]
[2022.01.06-02.31.28:600][  0]LogConfig: Setting CVar [[s.FlushStreamingOnExit:1]]
[2022.01.06-02.31.28:600][  0]LogConfig: Applying CVar settings from Section [/Script/Engine.GarbageCollectionSettings] File [C:/Users/Jeremy/Documents/ODD/the_flaming_wok/TakeThree 4.27/Saved/Config/Windows/Engine.ini]
[2022.01.06-02.31.28:600][  0]LogConfig: Setting CVar [[gc.MaxObjectsNotConsideredByGC:1]]
[2022.01.06-02.31.28:600][  0]LogConfig: Setting CVar [[gc.SizeOfPermanentObjectPool:0]]
[2022.01.06-02.31.28:600][  0]LogConfig: Setting CVar [[gc.FlushStreamingOnGC:0]]
[2022.01.06-02.31.28:600][  0]LogConfig: Setting CVar [[gc.NumRetriesBeforeForcingGC:10]]
[2022.01.06-02.31.28:600][  0]LogConfig: Setting CVar [[gc.AllowParallelGC:1]]
[2022.01.06-02.31.28:600][  0]LogConfig: Setting CVar [[gc.TimeBetweenPurgingPendingKillObjects:61.1]]
[2022.01.06-02.31.28:600][  0]LogConfig: Setting CVar [[gc.MaxObjectsInEditor:25165824]]
[2022.01.06-02.31.28:600][  0]LogConfig: Setting CVar [[gc.IncrementalBeginDestroyEnabled:1]]
[2022.01.06-02.31.28:600][  0]LogConfig: Setting CVar [[gc.CreateGCClusters:1]]
[2022.01.06-02.31.28:600][  0]LogConfig: Setting CVar [[gc.MinGCClusterSize:5]]
[2022.01.06-02.31.28:600][  0]LogConfig: Setting CVar [[gc.ActorClusteringEnabled:0]]
[2022.01.06-02.31.28:600][  0]LogConfig: Setting CVar [[gc.BlueprintClusteringEnabled:0]]
[2022.01.06-02.31.28:600][  0]LogConfig: Setting CVar [[gc.UseDisregardForGCOnDedicatedServers:0]]
[2022.01.06-02.31.28:600][  0]LogConfig: Setting CVar [[gc.MultithreadedDestructionEnabled:1]]
[2022.01.06-02.31.28:600][  0]LogConfig: Applying CVar settings from Section [/Script/Engine.NetworkSettings] File [C:/Users/Jeremy/Documents/ODD/the_flaming_wok/TakeThree 4.27/Saved/Config/Windows/Engine.ini]
[2022.01.06-02.31.28:600][  0]LogConfig: Applying CVar settings from Section [/Script/UnrealEd.CookerSettings] File [C:/Users/Jeremy/Documents/ODD/the_flaming_wok/TakeThree 4.27/Saved/Config/Windows/Engine.ini]
[2022.01.06-02.31.28:633][  0]LogConfig: Applying CVar settings from Section [ViewDistanceQuality@3] File [C:/Users/Jeremy/Documents/ODD/the_flaming_wok/TakeThree 4.27/Saved/Config/Windows/Scalability.ini]
[2022.01.06-02.31.28:633][  0]LogConfig: Setting CVar [[r.SkeletalMeshLODBias:0]]
[2022.01.06-02.31.28:633][  0]LogConfig: Setting CVar [[r.ViewDistanceScale:1.0]]
[2022.01.06-02.31.28:633][  0]LogConfig: Applying CVar settings from Section [AntiAliasingQuality@3] File [C:/Users/Jeremy/Documents/ODD/the_flaming_wok/TakeThree 4.27/Saved/Config/Windows/Scalability.ini]
[2022.01.06-02.31.28:633][  0]LogConfig: Setting CVar [[r.PostProcessAAQuality:4]]
[2022.01.06-02.31.28:633][  0]LogConfig: Applying CVar settings from Section [ShadowQuality@3] File [C:/Users/Jeremy/Documents/ODD/the_flaming_wok/TakeThree 4.27/Saved/Config/Windows/Scalability.ini]
[2022.01.06-02.31.28:633][  0]LogConfig: Setting CVar [[r.LightFunctionQuality:1]]
[2022.01.06-02.31.28:633][  0]LogConfig: Setting CVar [[r.ShadowQuality:5]]
[2022.01.06-02.31.28:633][  0]LogConfig: Setting CVar [[r.Shadow.CSM.MaxCascades:10]]
[2022.01.06-02.31.28:633][  0]LogConfig: Setting CVar [[r.Shadow.MaxResolution:2048]]
[2022.01.06-02.31.28:633][  0]LogConfig: Setting CVar [[r.Shadow.MaxCSMResolution:2048]]
[2022.01.06-02.31.28:633][  0]LogConfig: Setting CVar [[r.Shadow.RadiusThreshold:0.01]]
[2022.01.06-02.31.28:633][  0]LogConfig: Setting CVar [[r.Shadow.DistanceScale:1.0]]
[2022.01.06-02.31.28:633][  0]LogConfig: Setting CVar [[r.Shadow.CSM.TransitionScale:1.0]]
[2022.01.06-02.31.28:633][  0]LogConfig: Setting CVar [[r.Shadow.PreShadowResolutionFactor:1.0]]
[2022.01.06-02.31.28:633][  0]LogConfig: Setting CVar [[r.DistanceFieldShadowing:1]]
[2022.01.06-02.31.28:633][  0]LogConfig: Setting CVar [[r.DistanceFieldAO:1]]
[2022.01.06-02.31.28:633][  0]LogConfig: Setting CVar [[r.AOQuality:2]]
[2022.01.06-02.31.28:633][  0]LogConfig: Setting CVar [[r.VolumetricFog:1]]
[2022.01.06-02.31.28:633][  0]LogConfig: Setting CVar [[r.VolumetricFog.GridPixelSize:8]]
[2022.01.06-02.31.28:633][  0]LogConfig: Setting CVar [[r.VolumetricFog.GridSizeZ:128]]
[2022.01.06-02.31.28:633][  0]LogConfig: Setting CVar [[r.VolumetricFog.HistoryMissSupersampleCount:4]]
[2022.01.06-02.31.28:633][  0]LogConfig: Setting CVar [[r.LightMaxDrawDistanceScale:1]]
[2022.01.06-02.31.28:633][  0]LogConfig: Setting CVar [[r.CapsuleShadows:1]]
[2022.01.06-02.31.28:633][  0]LogConfig: Applying CVar settings from Section [PostProcessQuality@3] File [C:/Users/Jeremy/Documents/ODD/the_flaming_wok/TakeThree 4.27/Saved/Config/Windows/Scalability.ini]
[2022.01.06-02.31.28:633][  0]LogConfig: Setting CVar [[r.MotionBlurQuality:4]]
[2022.01.06-02.31.28:633][  0]LogConfig: Setting CVar [[r.AmbientOcclusionMipLevelFactor:0.4]]
[2022.01.06-02.31.28:633][  0]LogConfig: Setting CVar [[r.AmbientOcclusionMaxQuality:100]]
[2022.01.06-02.31.28:633][  0]LogConfig: Setting CVar [[r.AmbientOcclusionLevels:-1]]
[2022.01.06-02.31.28:633][  0]LogConfig: Setting CVar [[r.AmbientOcclusionRadiusScale:1.0]]
[2022.01.06-02.31.28:633][  0]LogConfig: Setting CVar [[r.DepthOfFieldQuality:2]]
[2022.01.06-02.31.28:633][  0]LogConfig: Setting CVar [[r.RenderTargetPoolMin:400]]
[2022.01.06-02.31.28:633][  0]LogConfig: Setting CVar [[r.LensFlareQuality:2]]
[2022.01.06-02.31.28:633][  0]LogConfig: Setting CVar [[r.SceneColorFringeQuality:1]]
[2022.01.06-02.31.28:633][  0]LogConfig: Setting CVar [[r.EyeAdaptationQuality:2]]
[2022.01.06-02.31.28:633][  0]LogConfig: Setting CVar [[r.BloomQuality:5]]
[2022.01.06-02.31.28:633][  0]LogConfig: Setting CVar [[r.FastBlurThreshold:100]]
[2022.01.06-02.31.28:633][  0]LogConfig: Setting CVar [[r.Upscale.Quality:3]]
[2022.01.06-02.31.28:633][  0]LogConfig: Setting CVar [[r.Tonemapper.GrainQuantization:1]]
[2022.01.06-02.31.28:633][  0]LogConfig: Setting CVar [[r.LightShaftQuality:1]]
[2022.01.06-02.31.28:633][  0]LogConfig: Setting CVar [[r.Filter.SizeScale:1]]
[2022.01.06-02.31.28:633][  0]LogConfig: Setting CVar [[r.Tonemapper.Quality:5]]
[2022.01.06-02.31.28:633][  0]LogConfig: Setting CVar [[r.DOF.Gather.AccumulatorQuality:1        ; higher gathering accumulator quality]]
[2022.01.06-02.31.28:633][  0]LogConfig: Setting CVar [[r.DOF.Gather.PostfilterMethod:1          ; Median3x3 postfilering method]]
[2022.01.06-02.31.28:633][  0]LogConfig: Setting CVar [[r.DOF.Gather.EnableBokehSettings:0       ; no bokeh simulation when gathering]]
[2022.01.06-02.31.28:633][  0]LogConfig: Setting CVar [[r.DOF.Gather.RingCount:4                 ; medium number of samples when gathering]]
[2022.01.06-02.31.28:633][  0]LogConfig: Setting CVar [[r.DOF.Scatter.ForegroundCompositing:1    ; additive foreground scattering]]
[2022.01.06-02.31.28:633][  0]LogConfig: Setting CVar [[r.DOF.Scatter.BackgroundCompositing:2    ; additive background scattering]]
[2022.01.06-02.31.28:633][  0]LogConfig: Setting CVar [[r.DOF.Scatter.EnableBokehSettings:1      ; bokeh simulation when scattering]]
[2022.01.06-02.31.28:633][  0]LogConfig: Setting CVar [[r.DOF.Scatter.MaxSpriteRatio:0.1         ; only a maximum of 10% of scattered bokeh]]
[2022.01.06-02.31.28:633][  0]LogConfig: Setting CVar [[r.DOF.Recombine.Quality:1                ; cheap slight out of focus]]
[2022.01.06-02.31.28:633][  0]LogConfig: Setting CVar [[r.DOF.Recombine.EnableBokehSettings:0    ; no bokeh simulation on slight out of focus]]
[2022.01.06-02.31.28:633][  0]LogConfig: Setting CVar [[r.DOF.TemporalAAQuality:1                ; more stable temporal accumulation]]
[2022.01.06-02.31.28:633][  0]LogConfig: Setting CVar [[r.DOF.Kernel.MaxForegroundRadius:0.025]]
[2022.01.06-02.31.28:633][  0]LogConfig: Setting CVar [[r.DOF.Kernel.MaxBackgroundRadius:0.025]]
[2022.01.06-02.31.28:633][  0]LogConfig: Applying CVar settings from Section [TextureQuality@3] File [C:/Users/Jeremy/Documents/ODD/the_flaming_wok/TakeThree 4.27/Saved/Config/Windows/Scalability.ini]
[2022.01.06-02.31.28:633][  0]LogConfig: Setting CVar [[r.Streaming.MipBias:0]]
[2022.01.06-02.31.28:633][  0]LogConfig: Setting CVar [[r.Streaming.AmortizeCPUToGPUCopy:0]]
[2022.01.06-02.31.28:633][  0]LogConfig: Setting CVar [[r.Streaming.MaxNumTexturesToStreamPerFrame:0]]
[2022.01.06-02.31.28:633][  0]LogConfig: Setting CVar [[r.Streaming.Boost:1]]
[2022.01.06-02.31.28:633][  0]LogConfig: Setting CVar [[r.MaxAnisotropy:8]]
[2022.01.06-02.31.28:633][  0]LogConfig: Setting CVar [[r.VT.MaxAnisotropy:8]]
[2022.01.06-02.31.28:633][  0]LogConfig: Setting CVar [[r.Streaming.LimitPoolSizeToVRAM:0]]
[2022.01.06-02.31.28:634][  0]LogConfig: Setting CVar [[r.Streaming.PoolSize:1000]]
[2022.01.06-02.31.28:634][  0]LogConfig: Setting CVar [[r.Streaming.MaxEffectiveScreenSize:0]]
[2022.01.06-02.31.28:634][  0]LogConfig: Applying CVar settings from Section [EffectsQuality@3] File [C:/Users/Jeremy/Documents/ODD/the_flaming_wok/TakeThree 4.27/Saved/Config/Windows/Scalability.ini]
[2022.01.06-02.31.28:634][  0]LogConfig: Setting CVar [[r.TranslucencyLightingVolumeDim:64]]
[2022.01.06-02.31.28:634][  0]LogConfig: Setting CVar [[r.RefractionQuality:2]]
[2022.01.06-02.31.28:634][  0]LogConfig: Setting CVar [[r.SSR.Quality:3]]
[2022.01.06-02.31.28:634][  0]LogConfig: Setting CVar [[r.SSR.HalfResSceneColor:0]]
[2022.01.06-02.31.28:634][  0]LogConfig: Setting CVar [[r.SceneColorFormat:4]]
[2022.01.06-02.31.28:634][  0]LogConfig: Setting CVar [[r.DetailMode:2]]
[2022.01.06-02.31.28:634][  0]LogConfig: Setting CVar [[r.TranslucencyVolumeBlur:1]]
[2022.01.06-02.31.28:634][  0]LogConfig: Setting CVar [[r.MaterialQualityLevel:1 ; High quality]]
[2022.01.06-02.31.28:634][  0]LogConfig: Setting CVar [[r.AnisotropicMaterials:1]]
[2022.01.06-02.31.28:634][  0]LogConfig: Setting CVar [[r.SSS.Scale:1]]
[2022.01.06-02.31.28:634][  0]LogConfig: Setting CVar [[r.SSS.SampleSet:2]]
[2022.01.06-02.31.28:634][  0]LogConfig: Setting CVar [[r.SSS.Quality:1]]
[2022.01.06-02.31.28:634][  0]LogConfig: Setting CVar [[r.SSS.HalfRes:0]]
[2022.01.06-02.31.28:634][  0]LogConfig: Setting CVar [[r.SSGI.Quality:3]]
[2022.01.06-02.31.28:634][  0]LogConfig: Setting CVar [[r.EmitterSpawnRateScale:1.0]]
[2022.01.06-02.31.28:634][  0]LogConfig: Setting CVar [[r.ParticleLightQuality:2]]
[2022.01.06-02.31.28:634][  0]LogConfig: Setting CVar [[r.SkyAtmosphere.AerialPerspectiveLUT.FastApplyOnOpaque:1 ; Always have FastSkyLUT 1 in this case to avoid wrong sky]]
[2022.01.06-02.31.28:634][  0]LogConfig: Setting CVar [[r.SkyAtmosphere.AerialPerspectiveLUT.SampleCountMaxPerSlice:4]]
[2022.01.06-02.31.28:634][  0]LogConfig: Setting CVar [[r.SkyAtmosphere.AerialPerspectiveLUT.DepthResolution:16.0]]
[2022.01.06-02.31.28:634][  0]LogConfig: Setting CVar [[r.SkyAtmosphere.FastSkyLUT:1]]
[2022.01.06-02.31.28:634][  0]LogConfig: Setting CVar [[r.SkyAtmosphere.FastSkyLUT.SampleCountMin:4.0]]
[2022.01.06-02.31.28:634][  0]LogConfig: Setting CVar [[r.SkyAtmosphere.FastSkyLUT.SampleCountMax:128.0]]
[2022.01.06-02.31.28:634][  0]LogConfig: Setting CVar [[r.SkyAtmosphere.SampleCountMin:4.0]]
[2022.01.06-02.31.28:634][  0]LogConfig: Setting CVar [[r.SkyAtmosphere.SampleCountMax:128.0]]
[2022.01.06-02.31.28:634][  0]LogConfig: Setting CVar [[r.SkyAtmosphere.TransmittanceLUT.UseSmallFormat:0]]
[2022.01.06-02.31.28:634][  0]LogConfig: Setting CVar [[r.SkyAtmosphere.TransmittanceLUT.SampleCount:10.0]]
[2022.01.06-02.31.28:634][  0]LogConfig: Setting CVar [[r.SkyAtmosphere.MultiScatteringLUT.SampleCount:15.0]]
[2022.01.06-02.31.28:634][  0]LogConfig: Setting CVar [[r.SkyLight.RealTimeReflectionCapture:1]]
[2022.01.06-02.31.28:634][  0]LogConfig: Applying CVar settings from Section [FoliageQuality@3] File [C:/Users/Jeremy/Documents/ODD/the_flaming_wok/TakeThree 4.27/Saved/Config/Windows/Scalability.ini]
[2022.01.06-02.31.28:634][  0]LogConfig: Setting CVar [[foliage.DensityScale:1.0]]
[2022.01.06-02.31.28:634][  0]LogConfig: Setting CVar [[grass.DensityScale:1.0]]
[2022.01.06-02.31.28:634][  0]LogConfig: Applying CVar settings from Section [ShadingQuality@3] File [C:/Users/Jeremy/Documents/ODD/the_flaming_wok/TakeThree 4.27/Saved/Config/Windows/Scalability.ini]
[2022.01.06-02.31.28:634][  0]LogConfig: Setting CVar [[r.HairStrands.SkyLighting.IntegrationType:2]]
[2022.01.06-02.31.28:634][  0]LogConfig: Setting CVar [[r.HairStrands.SkyAO.SampleCount:4]]
[2022.01.06-02.31.28:634][  0]LogConfig: Setting CVar [[r.HairStrands.Visibility.MSAA.SamplePerPixel:4]]
[2022.01.06-02.31.28:652][  0]LogInit: Selected Device Profile: [Windows]
[2022.01.06-02.31.28:661][  0]LogInit: Applying CVar settings loaded from the selected device profile: [Windows]
[2022.01.06-02.31.28:668][  0]LogHAL: Display: Platform has ~ 16 GB [17102946304 / 17179869184 / 16], which maps to Larger [LargestMinGB=32, LargerMinGB=12, DefaultMinGB=8, SmallerMinGB=6, SmallestMinGB=0)
[2022.01.06-02.31.28:668][  0]LogInit: Going up to parent DeviceProfile []
[2022.01.06-02.31.28:674][  0]LogConfig: Applying CVar settings from Section [ViewDistanceQuality@3] File [C:/Users/Jeremy/Documents/ODD/the_flaming_wok/TakeThree 4.27/Saved/Config/Windows/Scalability.ini]
[2022.01.06-02.31.28:674][  0]LogConfig: Setting CVar [[r.SkeletalMeshLODBias:0]]
[2022.01.06-02.31.28:674][  0]LogConfig: Setting CVar [[r.ViewDistanceScale:1.0]]
[2022.01.06-02.31.28:674][  0]LogConfig: Applying CVar settings from Section [AntiAliasingQuality@3] File [C:/Users/Jeremy/Documents/ODD/the_flaming_wok/TakeThree 4.27/Saved/Config/Windows/Scalability.ini]
[2022.01.06-02.31.28:674][  0]LogConfig: Setting CVar [[r.PostProcessAAQuality:4]]
[2022.01.06-02.31.28:674][  0]LogConfig: Applying CVar settings from Section [ShadowQuality@3] File [C:/Users/Jeremy/Documents/ODD/the_flaming_wok/TakeThree 4.27/Saved/Config/Windows/Scalability.ini]
[2022.01.06-02.31.28:674][  0]LogConfig: Setting CVar [[r.LightFunctionQuality:1]]
[2022.01.06-02.31.28:674][  0]LogConfig: Setting CVar [[r.ShadowQuality:5]]
[2022.01.06-02.31.28:674][  0]LogConfig: Setting CVar [[r.Shadow.CSM.MaxCascades:10]]
[2022.01.06-02.31.28:674][  0]LogConfig: Setting CVar [[r.Shadow.MaxResolution:2048]]
[2022.01.06-02.31.28:674][  0]LogConfig: Setting CVar [[r.Shadow.MaxCSMResolution:2048]]
[2022.01.06-02.31.28:674][  0]LogConfig: Setting CVar [[r.Shadow.RadiusThreshold:0.01]]
[2022.01.06-02.31.28:674][  0]LogConfig: Setting CVar [[r.Shadow.DistanceScale:1.0]]
[2022.01.06-02.31.28:674][  0]LogConfig: Setting CVar [[r.Shadow.CSM.TransitionScale:1.0]]
[2022.01.06-02.31.28:674][  0]LogConfig: Setting CVar [[r.Shadow.PreShadowResolutionFactor:1.0]]
[2022.01.06-02.31.28:674][  0]LogConfig: Setting CVar [[r.DistanceFieldShadowing:1]]
[2022.01.06-02.31.28:674][  0]LogConfig: Setting CVar [[r.DistanceFieldAO:1]]
[2022.01.06-02.31.28:674][  0]LogConfig: Setting CVar [[r.AOQuality:2]]
[2022.01.06-02.31.28:674][  0]LogConfig: Setting CVar [[r.VolumetricFog:1]]
[2022.01.06-02.31.28:674][  0]LogConfig: Setting CVar [[r.VolumetricFog.GridPixelSize:8]]
[2022.01.06-02.31.28:674][  0]LogConfig: Setting CVar [[r.VolumetricFog.GridSizeZ:128]]
[2022.01.06-02.31.28:674][  0]LogConfig: Setting CVar [[r.VolumetricFog.HistoryMissSupersampleCount:4]]
[2022.01.06-02.31.28:674][  0]LogConfig: Setting CVar [[r.LightMaxDrawDistanceScale:1]]
[2022.01.06-02.31.28:674][  0]LogConfig: Setting CVar [[r.CapsuleShadows:1]]
[2022.01.06-02.31.28:674][  0]LogConfig: Applying CVar settings from Section [PostProcessQuality@3] File [C:/Users/Jeremy/Documents/ODD/the_flaming_wok/TakeThree 4.27/Saved/Config/Windows/Scalability.ini]
[2022.01.06-02.31.28:674][  0]LogConfig: Setting CVar [[r.MotionBlurQuality:4]]
[2022.01.06-02.31.28:674][  0]LogConfig: Setting CVar [[r.AmbientOcclusionMipLevelFactor:0.4]]
[2022.01.06-02.31.28:674][  0]LogConfig: Setting CVar [[r.AmbientOcclusionMaxQuality:100]]
[2022.01.06-02.31.28:674][  0]LogConfig: Setting CVar [[r.AmbientOcclusionLevels:-1]]
[2022.01.06-02.31.28:674][  0]LogConfig: Setting CVar [[r.AmbientOcclusionRadiusScale:1.0]]
[2022.01.06-02.31.28:674][  0]LogConfig: Setting CVar [[r.DepthOfFieldQuality:2]]
[2022.01.06-02.31.28:674][  0]LogConfig: Setting CVar [[r.RenderTargetPoolMin:400]]
[2022.01.06-02.31.28:674][  0]LogConfig: Setting CVar [[r.LensFlareQuality:2]]
[2022.01.06-02.31.28:674][  0]LogConfig: Setting CVar [[r.SceneColorFringeQuality:1]]
[2022.01.06-02.31.28:674][  0]LogConfig: Setting CVar [[r.EyeAdaptationQuality:2]]
[2022.01.06-02.31.28:674][  0]LogConfig: Setting CVar [[r.BloomQuality:5]]
[2022.01.06-02.31.28:674][  0]LogConfig: Setting CVar [[r.FastBlurThreshold:100]]
[2022.01.06-02.31.28:674][  0]LogConfig: Setting CVar [[r.Upscale.Quality:3]]
[2022.01.06-02.31.28:674][  0]LogConfig: Setting CVar [[r.Tonemapper.GrainQuantization:1]]
[2022.01.06-02.31.28:674][  0]LogConfig: Setting CVar [[r.LightShaftQuality:1]]
[2022.01.06-02.31.28:674][  0]LogConfig: Setting CVar [[r.Filter.SizeScale:1]]
[2022.01.06-02.31.28:674][  0]LogConfig: Setting CVar [[r.Tonemapper.Quality:5]]
[2022.01.06-02.31.28:674][  0]LogConfig: Setting CVar [[r.DOF.Gather.AccumulatorQuality:1        ; higher gathering accumulator quality]]
[2022.01.06-02.31.28:674][  0]LogConfig: Setting CVar [[r.DOF.Gather.PostfilterMethod:1          ; Median3x3 postfilering method]]
[2022.01.06-02.31.28:674][  0]LogConfig: Setting CVar [[r.DOF.Gather.EnableBokehSettings:0       ; no bokeh simulation when gathering]]
[2022.01.06-02.31.28:674][  0]LogConfig: Setting CVar [[r.DOF.Gather.RingCount:4                 ; medium number of samples when gathering]]
[2022.01.06-02.31.28:674][  0]LogConfig: Setting CVar [[r.DOF.Scatter.ForegroundCompositing:1    ; additive foreground scattering]]
[2022.01.06-02.31.28:674][  0]LogConfig: Setting CVar [[r.DOF.Scatter.BackgroundCompositing:2    ; additive background scattering]]
[2022.01.06-02.31.28:674][  0]LogConfig: Setting CVar [[r.DOF.Scatter.EnableBokehSettings:1      ; bokeh simulation when scattering]]
[2022.01.06-02.31.28:674][  0]LogConfig: Setting CVar [[r.DOF.Scatter.MaxSpriteRatio:0.1         ; only a maximum of 10% of scattered bokeh]]
[2022.01.06-02.31.28:674][  0]LogConfig: Setting CVar [[r.DOF.Recombine.Quality:1                ; cheap slight out of focus]]
[2022.01.06-02.31.28:674][  0]LogConfig: Setting CVar [[r.DOF.Recombine.EnableBokehSettings:0    ; no bokeh simulation on slight out of focus]]
[2022.01.06-02.31.28:674][  0]LogConfig: Setting CVar [[r.DOF.TemporalAAQuality:1                ; more stable temporal accumulation]]
[2022.01.06-02.31.28:674][  0]LogConfig: Setting CVar [[r.DOF.Kernel.MaxForegroundRadius:0.025]]
[2022.01.06-02.31.28:674][  0]LogConfig: Setting CVar [[r.DOF.Kernel.MaxBackgroundRadius:0.025]]
[2022.01.06-02.31.28:674][  0]LogConfig: Applying CVar settings from Section [TextureQuality@3] File [C:/Users/Jeremy/Documents/ODD/the_flaming_wok/TakeThree 4.27/Saved/Config/Windows/Scalability.ini]
[2022.01.06-02.31.28:674][  0]LogConfig: Setting CVar [[r.Streaming.MipBias:0]]
[2022.01.06-02.31.28:674][  0]LogConfig: Setting CVar [[r.Streaming.AmortizeCPUToGPUCopy:0]]
[2022.01.06-02.31.28:674][  0]LogConfig: Setting CVar [[r.Streaming.MaxNumTexturesToStreamPerFrame:0]]
[2022.01.06-02.31.28:674][  0]LogConfig: Setting CVar [[r.Streaming.Boost:1]]
[2022.01.06-02.31.28:674][  0]LogConfig: Setting CVar [[r.MaxAnisotropy:8]]
[2022.01.06-02.31.28:674][  0]LogConfig: Setting CVar [[r.VT.MaxAnisotropy:8]]
[2022.01.06-02.31.28:674][  0]LogConfig: Setting CVar [[r.Streaming.LimitPoolSizeToVRAM:0]]
[2022.01.06-02.31.28:674][  0]LogConfig: Setting CVar [[r.Streaming.PoolSize:1000]]
[2022.01.06-02.31.28:674][  0]LogConfig: Setting CVar [[r.Streaming.MaxEffectiveScreenSize:0]]
[2022.01.06-02.31.28:674][  0]LogConfig: Applying CVar settings from Section [EffectsQuality@3] File [C:/Users/Jeremy/Documents/ODD/the_flaming_wok/TakeThree 4.27/Saved/Config/Windows/Scalability.ini]
[2022.01.06-02.31.28:674][  0]LogConfig: Setting CVar [[r.TranslucencyLightingVolumeDim:64]]
[2022.01.06-02.31.28:674][  0]LogConfig: Setting CVar [[r.RefractionQuality:2]]
[2022.01.06-02.31.28:674][  0]LogConfig: Setting CVar [[r.SSR.Quality:3]]
[2022.01.06-02.31.28:674][  0]LogConfig: Setting CVar [[r.SSR.HalfResSceneColor:0]]
[2022.01.06-02.31.28:674][  0]LogConfig: Setting CVar [[r.SceneColorFormat:4]]
[2022.01.06-02.31.28:674][  0]LogConfig: Setting CVar [[r.DetailMode:2]]
[2022.01.06-02.31.28:674][  0]LogConfig: Setting CVar [[r.TranslucencyVolumeBlur:1]]
[2022.01.06-02.31.28:674][  0]LogConfig: Setting CVar [[r.MaterialQualityLevel:1 ; High quality]]
[2022.01.06-02.31.28:674][  0]LogConfig: Setting CVar [[r.AnisotropicMaterials:1]]
[2022.01.06-02.31.28:674][  0]LogConfig: Setting CVar [[r.SSS.Scale:1]]
[2022.01.06-02.31.28:674][  0]LogConfig: Setting CVar [[r.SSS.SampleSet:2]]
[2022.01.06-02.31.28:674][  0]LogConfig: Setting CVar [[r.SSS.Quality:1]]
[2022.01.06-02.31.28:674][  0]LogConfig: Setting CVar [[r.SSS.HalfRes:0]]
[2022.01.06-02.31.28:674][  0]LogConfig: Setting CVar [[r.SSGI.Quality:3]]
[2022.01.06-02.31.28:674][  0]LogConfig: Setting CVar [[r.EmitterSpawnRateScale:1.0]]
[2022.01.06-02.31.28:674][  0]LogConfig: Setting CVar [[r.ParticleLightQuality:2]]
[2022.01.06-02.31.28:674][  0]LogConfig: Setting CVar [[r.SkyAtmosphere.AerialPerspectiveLUT.FastApplyOnOpaque:1 ; Always have FastSkyLUT 1 in this case to avoid wrong sky]]
[2022.01.06-02.31.28:674][  0]LogConfig: Setting CVar [[r.SkyAtmosphere.AerialPerspectiveLUT.SampleCountMaxPerSlice:4]]
[2022.01.06-02.31.28:675][  0]LogConfig: Setting CVar [[r.SkyAtmosphere.AerialPerspectiveLUT.DepthResolution:16.0]]
[2022.01.06-02.31.28:675][  0]LogConfig: Setting CVar [[r.SkyAtmosphere.FastSkyLUT:1]]
[2022.01.06-02.31.28:675][  0]LogConfig: Setting CVar [[r.SkyAtmosphere.FastSkyLUT.SampleCountMin:4.0]]
[2022.01.06-02.31.28:675][  0]LogConfig: Setting CVar [[r.SkyAtmosphere.FastSkyLUT.SampleCountMax:128.0]]
[2022.01.06-02.31.28:675][  0]LogConfig: Setting CVar [[r.SkyAtmosphere.SampleCountMin:4.0]]
[2022.01.06-02.31.28:675][  0]LogConfig: Setting CVar [[r.SkyAtmosphere.SampleCountMax:128.0]]
[2022.01.06-02.31.28:675][  0]LogConfig: Setting CVar [[r.SkyAtmosphere.TransmittanceLUT.UseSmallFormat:0]]
[2022.01.06-02.31.28:675][  0]LogConfig: Setting CVar [[r.SkyAtmosphere.TransmittanceLUT.SampleCount:10.0]]
[2022.01.06-02.31.28:675][  0]LogConfig: Setting CVar [[r.SkyAtmosphere.MultiScatteringLUT.SampleCount:15.0]]
[2022.01.06-02.31.28:675][  0]LogConfig: Setting CVar [[r.SkyLight.RealTimeReflectionCapture:1]]
[2022.01.06-02.31.28:675][  0]LogConfig: Applying CVar settings from Section [FoliageQuality@3] File [C:/Users/Jeremy/Documents/ODD/the_flaming_wok/TakeThree 4.27/Saved/Config/Windows/Scalability.ini]
[2022.01.06-02.31.28:675][  0]LogConfig: Setting CVar [[foliage.DensityScale:1.0]]
[2022.01.06-02.31.28:675][  0]LogConfig: Setting CVar [[grass.DensityScale:1.0]]
[2022.01.06-02.31.28:675][  0]LogConfig: Applying CVar settings from Section [ShadingQuality@3] File [C:/Users/Jeremy/Documents/ODD/the_flaming_wok/TakeThree 4.27/Saved/Config/Windows/Scalability.ini]
[2022.01.06-02.31.28:675][  0]LogConfig: Setting CVar [[r.HairStrands.SkyLighting.IntegrationType:2]]
[2022.01.06-02.31.28:675][  0]LogConfig: Setting CVar [[r.HairStrands.SkyAO.SampleCount:4]]
[2022.01.06-02.31.28:675][  0]LogConfig: Setting CVar [[r.HairStrands.Visibility.MSAA.SamplePerPixel:4]]
[2022.01.06-02.31.28:675][  0]LogConfig: Applying CVar settings from Section [Startup] File [../../../Engine/Config/ConsoleVariables.ini]
[2022.01.06-02.31.28:693][  0]LogConfig: Setting CVar [[net.UseAdaptiveNetUpdateFrequency:0]]
[2022.01.06-02.31.28:693][  0]LogConfig: Setting CVar [[p.chaos.AllowCreatePhysxBodies:1]]
[2022.01.06-02.31.28:693][  0]LogConfig: Setting CVar [[fx.SkipVectorVMBackendOptimizations:1]]
[2022.01.06-02.31.28:693][  0]LogConfig: Applying CVar settings from Section [ConsoleVariables] File [C:/Users/Jeremy/Documents/ODD/the_flaming_wok/TakeThree 4.27/Saved/Config/Windows/Engine.ini]
[2022.01.06-02.31.28:693][  0]LogConfig: Applying CVar settings from Section [ConsoleVariables] File [C:/Users/Jeremy/Documents/ODD/the_flaming_wok/TakeThree 4.27/Saved/Config/Windows/Editor.ini]
[2022.01.06-02.31.28:707][  0]LogInit: Computer: DESKTOP-RR3M4MF
[2022.01.06-02.31.28:707][  0]LogInit: User: Jeremy
[2022.01.06-02.31.28:707][  0]LogInit: CPU Page size=4096, Cores=8
[2022.01.06-02.31.28:707][  0]LogInit: High frequency timer resolution =10.000000 MHz
[2022.01.06-02.31.28:707][  0]LogMemory: Memory total: Physical=15.9GB (16GB approx)
[2022.01.06-02.31.28:707][  0]LogMemory: Platform Memory Stats for Windows
[2022.01.06-02.31.28:707][  0]LogMemory: Process Physical Memory: 153.02 MB used, 153.03 MB peak
[2022.01.06-02.31.28:707][  0]LogMemory: Process Virtual Memory: 131.05 MB used, 131.05 MB peak
[2022.01.06-02.31.28:707][  0]LogMemory: Physical Memory: 6659.42 MB used,  9651.22 MB free, 16310.64 MB total
[2022.01.06-02.31.28:707][  0]LogMemory: Virtual Memory: 134199848.00 MB used,  17881.89 MB free, 134217728.00 MB total
[2022.01.06-02.31.28:889][  0]LogWindows: WindowsPlatformFeatures enabled
[2022.01.06-02.31.29:686][  0]LogInit: Physics initialised using underlying interface: PhysX
[2022.01.06-02.31.29:717][  0]LogInit: Using OS detected language (en-US).
[2022.01.06-02.31.29:717][  0]LogInit: Using OS detected locale (en-US).
[2022.01.06-02.31.30:227][  0]LogTextLocalizationManager: No specific localization for 'en-US' exists, so the 'en' localization will be used.
[2022.01.06-02.31.30:914][  0]LogInit: Setting process to per monitor DPI aware
[2022.01.06-02.31.31:026][  0]LogWindowsTextInputMethodSystem: Display: IME system deactivated.
[2022.01.06-02.31.31:280][  0]LogSlate: New Slate User Created.  User Index 0, Is Virtual User: 0
[2022.01.06-02.31.31:280][  0]LogSlate: Slate User Registered.  User Index 0, Is Virtual User: 0
[2022.01.06-02.31.34:436][  0]LogD3D11RHI: Loaded GFSDK_Aftermath_Lib.x64.dll
[2022.01.06-02.31.34:471][  0]LogHMD: Failed to initialize OpenVR with code 110
[2022.01.06-02.31.34:471][  0]LogD3D11RHI: D3D11 min allowed feature level: 11_0
[2022.01.06-02.31.34:471][  0]LogD3D11RHI: D3D11 max allowed feature level: 11_0
[2022.01.06-02.31.34:471][  0]LogD3D11RHI: D3D11 adapters:
[2022.01.06-02.31.34:516][  0]LogD3D11RHI:    0. 'AMD Radeon RX 5700 XT' (Feature Level 11_0)
[2022.01.06-02.31.34:516][  0]LogD3D11RHI:       8151/0/8155 MB DedicatedVideo/DedicatedSystem/SharedSystem, Outputs:2, VendorId:0x1002
[2022.01.06-02.31.34:521][  0]LogD3D11RHI:    1. 'Microsoft Basic Render Driver' (Feature Level 11_0)
[2022.01.06-02.31.34:521][  0]LogD3D11RHI:       0/0/8155 MB DedicatedVideo/DedicatedSystem/SharedSystem, Outputs:0, VendorId:0x1414
[2022.01.06-02.31.34:521][  0]LogD3D11RHI: Chosen D3D11 Adapter: 0
[2022.01.06-02.31.34:528][  0]LogD3D11RHI: Creating new Direct3DDevice
[2022.01.06-02.31.34:529][  0]LogD3D11RHI:     GPU DeviceId: 0x731f (for the marketing name, search the web for "GPU Device Id")
[2022.01.06-02.31.34:529][  0]LogWindows: EnumDisplayDevices:
[2022.01.06-02.31.34:529][  0]LogWindows:    0. 'AMD Radeon RX 5700 XT' (P:1 D:1)
[2022.01.06-02.31.34:529][  0]LogWindows:    1. 'AMD Radeon RX 5700 XT' (P:0 D:1)
[2022.01.06-02.31.34:529][  0]LogWindows:    2. 'AMD Radeon RX 5700 XT' (P:0 D:0)
[2022.01.06-02.31.34:530][  0]LogWindows:    3. 'AMD Radeon RX 5700 XT' (P:0 D:0)
[2022.01.06-02.31.34:530][  0]LogWindows:    4. 'AMD Radeon RX 5700 XT' (P:0 D:0)
[2022.01.06-02.31.34:530][  0]LogWindows:    5. 'AMD Radeon RX 5700 XT' (P:0 D:0)
[2022.01.06-02.31.34:530][  0]LogWindows:    6. 'AMD Radeon RX 5700 XT' (P:0 D:0)
[2022.01.06-02.31.34:531][  0]LogWindows: DebugString: FoundDriverCount:7 
[2022.01.06-02.31.34:531][  0]LogD3D11RHI:     Adapter Name: AMD Radeon RX 5700 XT
[2022.01.06-02.31.34:531][  0]LogD3D11RHI:   Driver Version: Adrenalin 2020 21.9.2 (internal:30.0.13017.5006, unified:30.0.13017.5006)
[2022.01.06-02.31.34:531][  0]LogD3D11RHI:      Driver Date: 9-17-2021
[2022.01.06-02.31.34:531][  0]LogRHI: Texture pool is 5168 MB (70% of 7383 MB)
[2022.01.06-02.31.34:613][  0]LogD3D11RHI: Created device via AGS, feature level 11_0, supported extensions 1fffffbf.
[2022.01.06-02.31.34:613][  0]LogD3D11RHI: RHI has support for 64 bit atomics
[2022.01.06-02.31.34:613][  0]LogD3D11RHI: Async texture creation enabled
[2022.01.06-02.31.34:613][  0]LogD3D11RHI: Array index from any shader is supported
[2022.01.06-02.31.34:926][  0]LogD3D11RHI: GPU Timing Frequency: 100.000000 (Debug: 2 1)
[2022.01.06-02.31.35:853][  0]LogTargetPlatformManager: Display: Loaded TargetPlatform 'AllDesktop'
[2022.01.06-02.31.35:967][  0]LogTargetPlatformManager: Display: Loaded TargetPlatform 'Android'
[2022.01.06-02.31.35:967][  0]LogTargetPlatformManager: Display: Loaded TargetPlatform 'Android_ASTC'
[2022.01.06-02.31.35:967][  0]LogTargetPlatformManager: Display: Loaded TargetPlatform 'Android_DXT'
[2022.01.06-02.31.35:967][  0]LogTargetPlatformManager: Display: Loaded TargetPlatform 'Android_ETC2'
[2022.01.06-02.31.35:967][  0]LogTargetPlatformManager: Display: Loaded TargetPlatform 'AndroidClient'
[2022.01.06-02.31.35:967][  0]LogTargetPlatformManager: Display: Loaded TargetPlatform 'Android_ASTCClient'
[2022.01.06-02.31.35:967][  0]LogTargetPlatformManager: Display: Loaded TargetPlatform 'Android_DXTClient'
[2022.01.06-02.31.35:967][  0]LogTargetPlatformManager: Display: Loaded TargetPlatform 'Android_ETC2Client'
[2022.01.06-02.31.35:967][  0]LogTargetPlatformManager: Display: Loaded TargetPlatform 'Android_Multi'
[2022.01.06-02.31.35:967][  0]LogTargetPlatformManager: Display: Loaded TargetPlatform 'Android_MultiClient'
[2022.01.06-02.31.36:083][  0]LogTargetPlatformManager: Display: Loaded TargetPlatform 'IOSClient'
[2022.01.06-02.31.36:083][  0]LogTargetPlatformManager: Display: Loaded TargetPlatform 'IOS'
[2022.01.06-02.31.36:131][  0]LogTargetPlatformManager: Display: Loaded TargetPlatform 'Linux'
[2022.01.06-02.31.36:164][  0]LogTargetPlatformManager: Display: Loaded TargetPlatform 'LinuxNoEditor'
[2022.01.06-02.31.36:214][  0]LogTargetPlatformManager: Display: Loaded TargetPlatform 'LinuxClient'
[2022.01.06-02.31.36:232][  0]LogTargetPlatformManager: Display: Loaded TargetPlatform 'LinuxServer'
[2022.01.06-02.31.36:272][  0]LogTargetPlatformManager: Display: Loaded TargetPlatform 'LinuxAArch64NoEditor'
[2022.01.06-02.31.36:290][  0]LogTargetPlatformManager: Display: Loaded TargetPlatform 'LinuxAArch64Client'
[2022.01.06-02.31.36:309][  0]LogTargetPlatformManager: Display: Loaded TargetPlatform 'LinuxAArch64Server'
[2022.01.06-02.31.36:351][  0]LogTargetPlatformManager: Display: Loaded TargetPlatform 'Lumin'
[2022.01.06-02.31.36:351][  0]LogTargetPlatformManager: Display: Loaded TargetPlatform 'LuminClient'
[2022.01.06-02.31.36:405][  0]LogTargetPlatformManager: Display: Loaded TargetPlatform 'MacNoEditor'
[2022.01.06-02.31.36:446][  0]LogTargetPlatformManager: Display: Loaded TargetPlatform 'Mac'
[2022.01.06-02.31.36:477][  0]LogTargetPlatformManager: Display: Loaded TargetPlatform 'MacClient'
[2022.01.06-02.31.36:504][  0]LogTargetPlatformManager: Display: Loaded TargetPlatform 'MacServer'
[2022.01.06-02.31.36:531][  0]LogTargetPlatformManager: Display: Loaded TargetPlatform 'TVOSClient'
[2022.01.06-02.31.36:531][  0]LogTargetPlatformManager: Display: Loaded TargetPlatform 'TVOS'
[2022.01.06-02.31.36:558][  0]LogTargetPlatformManager: Display: Loaded TargetPlatform 'WindowsNoEditor'
[2022.01.06-02.31.36:582][  0]LogTargetPlatformManager: Display: Loaded TargetPlatform 'Windows'
[2022.01.06-02.31.36:601][  0]LogTargetPlatformManager: Display: Loaded TargetPlatform 'WindowsClient'
[2022.01.06-02.31.36:630][  0]LogTargetPlatformManager: Display: Loaded TargetPlatform 'WindowsServer'
[2022.01.06-02.31.36:630][  0]LogTargetPlatformManager: Display: Building Assets For Windows
[2022.01.06-02.31.36:796][  0]LogAudioDebug: Display: Lib vorbis DLL was dynamically loaded.
[2022.01.06-02.31.37:232][  0]LogTextureFormatOodle: Display: Oodle Texture 2.9.0 init RDO Off
[2022.01.06-02.31.37:962][  0]LogRendererCore: Ray tracing is disabled. Reason: r.RayTracing=0.
[2022.01.06-02.31.37:963][  0]LogShaderCompilers: Guid format shader working directory is -13 characters bigger than the processId version (C:/Users/Jeremy/Documents/ODD/the_flaming_wok/TakeThree 4.27/Intermediate/Shaders/WorkingDirectory/6648/).
[2022.01.06-02.31.37:963][  0]LogShaderCompilers: Cleaned the shader compiler working directory 'C:/Users/Jeremy/AppData/Local/Temp/UnrealShaderWorkingDir/736F63524FC61553F91D8E9767B1CA95/'.
[2022.01.06-02.31.37:973][  0]LogXGEController: Cannot use XGE Controller as Incredibuild is not installed on this machine.
[2022.01.06-02.31.37:973][  0]LogShaderCompilers: Cannot use XGE Shader Compiler as Incredibuild is not installed on this machine.
[2022.01.06-02.31.37:973][  0]LogShaderCompilers: Display: Using Local Shader Compiler.
[2022.01.06-02.31.42:022][  0]LogDerivedDataCache: Display: Max Cache Size: 512 MB
[2022.01.06-02.31.42:134][  0]LogDerivedDataCache: Loaded boot cache 0.11s 95MB C:/Users/Jeremy/AppData/Local/UnrealEngine/4.27/DerivedDataCache/Boot.ddc.
[2022.01.06-02.31.42:134][  0]LogDerivedDataCache: Display: Loaded Boot cache: C:/Users/Jeremy/AppData/Local/UnrealEngine/4.27/DerivedDataCache/Boot.ddc
[2022.01.06-02.31.42:134][  0]LogDerivedDataCache: FDerivedDataBackendGraph:  Pak pak cache file C:/Users/Jeremy/Documents/ODD/the_flaming_wok/TakeThree 4.27/DerivedDataCache/DDC.ddp not found, will not use a pak cache.
[2022.01.06-02.31.42:134][  0]LogDerivedDataCache: Unable to find inner node Pak for hierarchical cache Hierarchy.
[2022.01.06-02.31.42:134][  0]LogDerivedDataCache: FDerivedDataBackendGraph:  CompressedPak pak cache file C:/Users/Jeremy/Documents/ODD/the_flaming_wok/TakeThree 4.27/DerivedDataCache/Compressed.ddp not found, will not use a pak cache.
[2022.01.06-02.31.42:134][  0]LogDerivedDataCache: Unable to find inner node CompressedPak for hierarchical cache Hierarchy.
[2022.01.06-02.31.42:201][  0]LogDerivedDataCache: Display: Pak cache opened for reading ../../../Engine/DerivedDataCache/Compressed.ddp.
[2022.01.06-02.31.42:202][  0]LogDerivedDataCache: FDerivedDataBackendGraph:  EnterprisePak pak cache file ../../../Enterprise/DerivedDataCache/Compressed.ddp not found, will not use a pak cache.
[2022.01.06-02.31.42:202][  0]LogDerivedDataCache: Unable to find inner node EnterprisePak for hierarchical cache Hierarchy.
[2022.01.06-02.31.42:251][  0]LogDerivedDataCache: Speed tests for C:/Users/Jeremy/AppData/Local/UnrealEngine/Common/DerivedDataCache took 0.05 seconds
[2022.01.06-02.31.42:251][  0]LogDerivedDataCache: Display: Performance to C:/Users/Jeremy/AppData/Local/UnrealEngine/Common/DerivedDataCache: Latency=0.34ms. RandomReadSpeed=23.16MBs, RandomWriteSpeed=182.41MBs. Assigned SpeedClass 'Local'
[2022.01.06-02.31.42:252][  0]LogDerivedDataCache: Using Local data cache path C:/Users/Jeremy/AppData/Local/UnrealEngine/Common/DerivedDataCache: Writable
[2022.01.06-02.31.42:252][  0]LogDerivedDataCache: Shared data cache path not found in *engine.ini, will not use an Shared cache.
[2022.01.06-02.31.42:252][  0]LogDerivedDataCache: Unable to find inner node Shared for hierarchical cache Hierarchy.
[2022.01.06-02.31.42:391][  0]LogSlate: Using FreeType 2.10.0
[2022.01.06-02.31.42:521][  0]LogSlate: SlateFontServices - WITH_FREETYPE: 1, WITH_HARFBUZZ: 1
[2022.01.06-02.31.43:716][  0]LogAssetRegistry: FAssetRegistry took 0.0080 seconds to start up
[2022.01.06-02.31.47:852][  0]LogInit: Selected Device Profile: [Windows]
[2022.01.06-02.31.47:852][  0]LogInit: Active device profile: [000001EF637E6F00][000001EF61855A80 49] Windows
[2022.01.06-02.31.47:852][  0]LogInit: Profiles: [000001EF637E6F00][000001EF61855A80 49] Windows, [000001EF637A1300][000001EF6188BC00 49] WindowsNoEditor, [000001EF637E5300][000001EF6188E200 49] WindowsServer, [000001EF637A2500][000001EF61892380 49] WindowsClient, [000001EF637E6400][000001EF61224500 49] IOS, [000001EF637A3E00][000001EF61228680 49] iPadAir, [000001EF637E6A00][000001EF618867C0 49] iPadAir2, [000001EF6375AC00][000001EF61230A00 49] IPadPro, [000001EF6375AD00][000001EF6122CA40 49] iPadAir3, [000001EF637E4700][000001EF61234B80 49] iPadAir4, [000001EF6375B500][000001EF6123CD00 49] iPadMini2, [000001EF637E5900][000001EF61368E80 49] iPadMini3, [000001EF63758E00][000001EF6136D000 49] iPadMini4, [000001EF637E6100][000001EF61371180 49] iPadMini5, [000001EF63792500][000001EF61379440 49] iPhone6, [000001EF63792600][000001EF61375480 49] iPodTouch6, [000001EF63758F00][000001EF61381740 49] iPhone7, [000001EF63759E00][000001EF6137D780 49] iPodTouch7, [000001EF63792C00][000001EF61385900 49] iPhone5S, [000001EF63758A00][000001EF61389A80 49] iPhone6Plus, [000001EF63790E00][000001EF6138DC00 49] iPhone6S, [000001EF63759300][000001EF61390200 49] iPhone6SPlus, [000001EF63793900][000001EF61394380 49] iPhone7Plus, [000001EF6375B600][000001EF61398500 49] iPhoneSE, [000001EF63790400][000001EF5CFBC680 49] iPhone8, [000001EF63758700][000001EF5CFC0800 49] iPhone8Plus, [000001EF63793100][000001EF61238940 49] iPhoneX, [000001EF63759000][000001EF5CFC4A80 49] iPhoneXS, [000001EF63791A00][000001EF5CFC8BC0 49] iPhoneXSMax, [000001EF63758800][000001EF5CFCCD00 49] iPhoneXR, [000001EF63791C00][000001EF5CFD4E80 49] iPhone11, [000001EF6375AF00][000001EF5CFD9000 49] iPhone11Pro, [000001EF63793B00][000001EF5CFDD180 49] iPhone11ProMax, [000001EF63759900][000001EF5CFE1300 49] iPhoneSE2, [000001EF63792800][000001EF5CFE5480 49] iPhone12Mini, [000001EF6375BF00][000001EF5CFE9600 49] iPhone12, [000001EF63790F00][000001EF5CFED780 49] iPhone12Pro, [000001EF63758300][000001EF5CFF1900 49] iPhone12ProMax, [000001EF63792700][000001EF61465A80 49] iPadPro105, [000001EF63759F00][000001EF61469C00 49] iPadPro129, [000001EF63791200][000001EF6146C200 49] iPadPro97, [000001EF63759700][000001EF61470380 49] iPadPro2_129, [000001EF63792000][000001EF61474500 49] iPad5, [000001EF63758100][000001EF61478680 49] iPad6, [000001EF63793200][000001EF6147C800 49] iPad7, [000001EF63758500][000001EF61480980 49] iPad8, [000001EF63792A00][000001EF61484B00 49] iPadPro11, [000001EF6375A800][000001EF5CFD0C40 49] iPadPro2_11, [000001EF63790800][000001EF61488D80 49] iPadPro3_129, [000001EF6375AE00][000001EF6148CEC0 49] iPadPro4_129, [000001EF63792900][000001EF61495040 49] AppleTV, [000001EF63759100][000001EF614991C0 49] AppleTV4K, [000001EF63790B00][000001EF6149D340 49] TVOS, [000001EF6375A900][000001EF614A14C0 49] Mac, [000001EF637A0500][000001EF614A5640 49] MacClient, [000001EF63829600][000001EF614A97C0 49] MacNoEditor, [000001EF637A2D00][000001EF614AD940 49] MacServer, [000001EF63829400][000001EF614B1AC0 49] Linux, [000001EF637A0B00][000001EF614B40C0 49] LinuxAArch64, [000001EF63828300][000001EF614B8240 49] LinuxNoEditor, [000001EF637A0100][000001EF614BC3C0 49] LinuxAArch64NoEditor, [000001EF63829D00][000001EF614C0540 49] LinuxClient, [000001EF637A3700][000001EF614C46C0 49] LinuxAArch64Client, [000001EF63829500][000001EF614C8840 49] LinuxServer, [000001EF637A0A00][000001EF614CC9C0 49] LinuxAArch64Server, [000001EF63829800][000001EF614D0B40 49] Android, [000001EF637A2F00][000001EF614D4CC0 49] Android_Low, [000001EF63829200][000001EF61490E00 49] Android_Mid, [000001EF637A0800][000001EF614D8F40 49] Android_High, [000001EF63829100][000001EF614DD080 49] Android_Default, [000001EF637A1F00][000001EF614E11C0 49] Android_Adreno4xx, [000001EF63829000][000001EF5FAED340 49] Android_Adreno5xx_Low, [000001EF6375A000][000001EF5FAF14C0 49] Android_Adreno5xx, [000001EF63793D00][000001EF5FAF5640 49] Android_Adreno6xx, [000001EF6375A200][000001EF5FAF97C0 49] Android_Adreno6xx_Vulkan, [000001EF63791D00][000001EF5FAFD940 49] Android_Mali_T6xx, [000001EF63758600][000001EF5FB01AC0 49] Android_Mali_T7xx, [000001EF63790700][000001EF5FB040C0 49] Android_Mali_T8xx, [000001EF6375B300][000001EF5FB08240 49] Android_Mali_G71, [000001EF63793400][000001EF5FB0C3C0 49] Android_Mali_G72, [000001EF6375BA00][000001EF5FB10540 49] Android_Mali_G72_Vulkan, [000001EF63793000][000001EF5FB146C0 49] Android_Mali_G76, [000001EF63828F00][000001EF5FB18840 49] Android_Mali_G76_Vulkan, [000001EF63791400][000001EF5FB1C9C0 49] Android_Mali_G77, [000001EF63829B00][000001EF5FB20B40 49] Android_Mali_G77_Vulkan, [000001EF63792400][000001EF614FACC0 49] Android_Mali_G78, [000001EF63829900][000001EF614FEE40 49] Android_Mali_G78_Vulkan, [000001EF63793300][000001EF614E4F80 49] Android_Mali_G710, [000001EF63829A00][000001EF615030C0 49] Android_Mali_G710_Vulkan, [000001EF63790C00][000001EF61507200 49] Android_Vulkan_SM5, [000001EF63828E00][000001EF6150B340 49] Android_PowerVR_G6xxx, [000001EF63792200][000001EF615134C0 49] Android_PowerVR_GT7xxx, [000001EF63829E00][000001EF61517640 49] Android_PowerVR_GE8xxx, [000001EF63792D00][000001EF6151B7C0 49] Android_PowerVR_GM9xxx, [000001EF6375B400][000001EF6151F940 49] Android_PowerVR_GM9xxx_Vulkan, [000001EF63791300][000001EF61523AC0 49] Android_TegraK1, [000001EF63758900][000001EF615260C0 49] Android_Unknown_Vulkan, [000001EF63791F00][000001EF6152A240 49] Lumin, [000001EF63758C00][000001EF6152E3C0 49] Lumin_Desktop, [000001EF63790600][000001EF61532540 49] HoloLens, 
[2022.01.06-02.31.49:217][  0]LogMeshReduction: Using QuadricMeshReduction for automatic static mesh reduction
[2022.01.06-02.31.49:217][  0]LogMeshReduction: Using SimplygonMeshReduction for automatic skeletal mesh reduction
[2022.01.06-02.31.49:217][  0]LogMeshReduction: Using ProxyLODMeshReduction for automatic mesh merging
[2022.01.06-02.31.49:217][  0]LogMeshReduction: No distributed automatic mesh merging module available
[2022.01.06-02.31.49:218][  0]LogMeshMerging: No distributed automatic mesh merging module available
[2022.01.06-02.31.49:519][  0]LogNetVersion: TakeThree 1.0.0, NetCL: 17155196, EngineNetVer: 17, GameNetVer: 0 (Checksum: 1545721811)
[2022.01.06-02.31.58:624][  0]LogTexture: Default maximum texture size for cubemaps generated from long-lat sources has been changed from 512 to unlimited. In order to preserve old behaiour for '/Engine/MapTemplates/Sky/DaylightAmbientCubemap.DaylightAmbientCubemap', its maximum texture size has been explicitly set to 512.
[2022.01.06-02.31.59:351][  0]LogHMD: PokeAHoleMaterial loaded successfully
[2022.01.06-02.31.59:489][  0]LogUObjectArray: 17178 objects as part of root set at end of initial load.
[2022.01.06-02.31.59:489][  0]LogUObjectAllocator: 4301856 out of 0 bytes used by permanent object pool.
[2022.01.06-02.31.59:505][  0]LogUObjectArray: CloseDisregardForGC: 0/0 objects in disregard for GC pool
[2022.01.06-02.32.01:988][  0]LogPython: Using Python 3.7.7
[2022.01.06-02.32.03:706][  0]LogNiagaraDebuggerClient: Niagara Debugger Client Initialized | Session: F30D822941B67328F8D73E909204C1FD | Instance: 5E4B8C544DDBFEE18ADF9D9A2B9DA0B0 (DESKTOP-RR3M4MF-6648).
[2022.01.06-02.32.04:487][  0]LogStreaming: Warning: Failed to read file '../../../Engine/Content/Editor/Slate/Niagara/MenuSeparator.png' error.
[2022.01.06-02.32.04:487][  0]LogSlate: Could not find file for Slate resource: ../../../Engine/Content/Editor/Slate/Niagara/MenuSeparator.png
[2022.01.06-02.32.04:487][  0]LogStreaming: Warning: Failed to read file '../../../Engine/Content/Editor/Slate/Niagara/Common/Selector.png' error.
[2022.01.06-02.32.04:487][  0]LogSlate: Could not find file for Slate resource: ../../../Engine/Content/Editor/Slate/Niagara/Common/Selector.png
[2022.01.06-02.32.04:487][  0]LogStreaming: Warning: Failed to read file '../../../Engine/Content/Editor/Slate/Niagara/Common/Selection.png' error.
[2022.01.06-02.32.04:487][  0]LogSlate: Could not find file for Slate resource: ../../../Engine/Content/Editor/Slate/Niagara/Common/Selection.png
[2022.01.06-02.32.04:487][  0]LogStreaming: Warning: Failed to read file '../../../Engine/Content/Editor/Slate/Niagara/Common/DropZoneIndicator_Above.png' error.
[2022.01.06-02.32.04:487][  0]LogSlate: Could not find file for Slate resource: ../../../Engine/Content/Editor/Slate/Niagara/Common/DropZoneIndicator_Above.png
[2022.01.06-02.32.04:487][  0]LogStreaming: Warning: Failed to read file '../../../Engine/Content/Editor/Slate/Niagara/Common/DropZoneIndicator_Onto.png' error.
[2022.01.06-02.32.04:487][  0]LogSlate: Could not find file for Slate resource: ../../../Engine/Content/Editor/Slate/Niagara/Common/DropZoneIndicator_Onto.png
[2022.01.06-02.32.04:487][  0]LogStreaming: Warning: Failed to read file '../../../Engine/Content/Editor/Slate/Niagara/Common/DropZoneIndicator_Below.png' error.
[2022.01.06-02.32.04:487][  0]LogSlate: Could not find file for Slate resource: ../../../Engine/Content/Editor/Slate/Niagara/Common/DropZoneIndicator_Below.png
[2022.01.06-02.32.04:487][  0]LogStreaming: Warning: Failed to read file '../../../Engine/Content/Editor/Slate/Niagara/Common/RoundedSelection_16x.png' error.
[2022.01.06-02.32.04:487][  0]LogSlate: Could not find file for Slate resource: ../../../Engine/Content/Editor/Slate/Niagara/Common/RoundedSelection_16x.png
[2022.01.06-02.32.04:487][  0]LogStreaming: Warning: Failed to read file '../../../Engine/Content/Editor/Slate/Niagara/Common/FlatButton.png' error.
[2022.01.06-02.32.04:487][  0]LogSlate: Could not find file for Slate resource: ../../../Engine/Content/Editor/Slate/Niagara/Common/FlatButton.png
[2022.01.06-02.32.04:487][  0]LogImageWrapper: Warning: PNG Warning: Duplicate iCCP chunk
[2022.01.06-02.32.04:487][  0]LogImageWrapper: Warning: PNG Warning: Duplicate iCCP chunk
[2022.01.06-02.32.05:891][  0]LogTcpMessaging: Initializing TcpMessaging bridge
[2022.01.06-02.32.05:941][  0]LogUdpMessaging: Initializing bridge on interface 0.0.0.0:0 to multicast group 230.0.0.1:6666.
[2022.01.06-02.32.09:870][  0]SourceControl: Source control is disabled
[2022.01.06-02.32.09:870][  0]SourceControl: Source control is disabled
[2022.01.06-02.32.09:954][  0]SourceControl: Source control is disabled
[2022.01.06-02.32.10:002][  0]SourceControl: Source control is disabled
[2022.01.06-02.32.10:105][  0]SourceControl: Source control is disabled
[2022.01.06-02.32.11:485][  0]LogUProjectInfo: Found projects:
[2022.01.06-02.32.11:489][  0]LogVSAccessor: Display: Unable to create Visual Studio setup instance: 80040154
[2022.01.06-02.32.11:489][  0]LogVSAccessor: Display: Unable to create Visual Studio setup instance: 80040154
[2022.01.06-02.32.11:490][  0]LogVSAccessor: Display: Unable to create Visual Studio setup instance: 80040154
[2022.01.06-02.32.11:929][  0]LogOpenImageDenoise: OIDN starting up
[2022.01.06-02.32.13:249][  0]LogAndroidPermission: UAndroidPermissionCallbackProxy::GetInstance
[2022.01.06-02.32.13:354][  0]LogAudioCaptureCore: Display: No Audio Capture implementations found. Audio input will be silent.
[2022.01.06-02.32.13:354][  0]LogAudioCaptureCore: Display: No Audio Capture implementations found. Audio input will be silent.
[2022.01.06-02.32.14:819][  0]LogCollectionManager: Loaded 0 collections in 0.002227 seconds
[2022.01.06-02.32.14:953][  0]LogFileCache: Scanning file cache for directory 'C:/Users/Jeremy/Documents/ODD/the_flaming_wok/TakeThree 4.27/Saved/Collections/' took 0.04s
[2022.01.06-02.32.14:953][  0]LogFileCache: Scanning file cache for directory 'C:/Users/Jeremy/Documents/ODD/the_flaming_wok/TakeThree 4.27/Content/Developers/Jeremy/Collections/' took 0.03s
[2022.01.06-02.32.14:953][  0]LogFileCache: Scanning file cache for directory 'C:/Users/Jeremy/Documents/ODD/the_flaming_wok/TakeThree 4.27/Content/Collections/' took 0.03s
[2022.01.06-02.32.15:147][  0]LogOcInput: OculusInput pre-init called
[2022.01.06-02.32.15:674][  0]LogStreaming: Warning: Failed to read file '../../../Engine/Content/Editor/Slate/Niagara/MenuSeparator.png' error.
[2022.01.06-02.32.15:675][  0]LogSlate: Could not find file for Slate resource: ../../../Engine/Content/Editor/Slate/Niagara/MenuSeparator.png
[2022.01.06-02.32.15:675][  0]LogStreaming: Warning: Failed to read file '../../../Engine/Content/Editor/Slate/Niagara/Common/Selector.png' error.
[2022.01.06-02.32.15:675][  0]LogSlate: Could not find file for Slate resource: ../../../Engine/Content/Editor/Slate/Niagara/Common/Selector.png
[2022.01.06-02.32.15:675][  0]LogStreaming: Warning: Failed to read file '../../../Engine/Content/Editor/Slate/Niagara/Common/DropZoneIndicator_Onto.png' error.
[2022.01.06-02.32.15:675][  0]LogSlate: Could not find file for Slate resource: ../../../Engine/Content/Editor/Slate/Niagara/Common/DropZoneIndicator_Onto.png
[2022.01.06-02.32.15:675][  0]LogStreaming: Warning: Failed to read file '../../../Engine/Content/Editor/Slate/Niagara/Common/Selection.png' error.
[2022.01.06-02.32.15:675][  0]LogStreaming: Warning: Failed to read file '../../../Engine/Content/Editor/Slate/Niagara/Common/DropZoneIndicator_Above.png' error.
[2022.01.06-02.32.15:675][  0]LogSlate: Could not find file for Slate resource: ../../../Engine/Content/Editor/Slate/Niagara/Common/DropZoneIndicator_Above.png
[2022.01.06-02.32.15:675][  0]LogStreaming: Warning: Failed to read file '../../../Engine/Content/Editor/Slate/Niagara/Common/DropZoneIndicator_Below.png' error.
[2022.01.06-02.32.15:675][  0]LogSlate: Could not find file for Slate resource: ../../../Engine/Content/Editor/Slate/Niagara/Common/DropZoneIndicator_Below.png
[2022.01.06-02.32.15:675][  0]LogStreaming: Warning: Failed to read file '../../../Engine/Content/Editor/Slate/Niagara/Common/RoundedSelection_16x.png' error.
[2022.01.06-02.32.15:675][  0]LogSlate: Could not find file for Slate resource: ../../../Engine/Content/Editor/Slate/Niagara/Common/RoundedSelection_16x.png
[2022.01.06-02.32.15:675][  0]LogStreaming: Warning: Failed to read file '../../../Engine/Content/Editor/Slate/Niagara/Common/FlatButton.png' error.
[2022.01.06-02.32.15:675][  0]LogSlate: Could not find file for Slate resource: ../../../Engine/Content/Editor/Slate/Niagara/Common/FlatButton.png
[2022.01.06-02.32.15:675][  0]LogSlate: Could not find file for Slate resource: ../../../Engine/Content/Editor/Slate/Niagara/Common/Selection.png
[2022.01.06-02.32.15:970][  0]LogImageWrapper: Warning: PNG Warning: Duplicate iCCP chunk
[2022.01.06-02.32.15:970][  0]LogImageWrapper: Warning: PNG Warning: Duplicate iCCP chunk
[2022.01.06-02.32.17:769][  0]LogEngine: Initializing Engine...
[2022.01.06-02.32.17:902][  0]LogHMD: Failed to enumerate extensions. Please check that you have a valid OpenXR runtime installed.
[2022.01.06-02.32.17:916][  0]LogHMD: Failed to initialize OpenVR with code 110
[2022.01.06-02.32.17:937][  0]LogMagicLeap: Warning: VR disabled because ZI is not enabled.  To enable, in the editor, Edit -> Project Settings -> Plugins -> Magic Leap Plugin -> Enable Zero Iteration
[2022.01.06-02.32.17:970][  0]LogStats: UGameplayTagsManager::InitializeManager -  0.001 s
[2022.01.06-02.32.18:673][  0]LogInit: Initializing FReadOnlyCVARCache
[2022.01.06-02.32.19:162][  0]LogAIModule: Creating AISystem for world Untitled
[2022.01.06-02.32.19:174][  0]LogAudio: Display: Initializing Audio Device Manager...
[2022.01.06-02.32.19:277][  0]LogAudio: Display: Loading Default Audio Settings Objects...
[2022.01.06-02.32.19:315][  0]LogAudio: Display: No default SoundConcurrencyObject specified (or failed to load).
[2022.01.06-02.32.19:338][  0]LogAudio: Display: Audio Device Manager Initialized
[2022.01.06-02.32.19:338][  0]LogAudio: Display: Creating Audio Device:                 Id: 1, Scope: Shared, Realtime: True
[2022.01.06-02.32.19:358][  0]LogAudioMixer: Display: Audio Mixer Platform Settings:
[2022.01.06-02.32.19:358][  0]LogAudioMixer: Display: 	Sample Rate:						  48000
[2022.01.06-02.32.19:358][  0]LogAudioMixer: Display: 	Callback Buffer Frame Size Requested: 1024
[2022.01.06-02.32.19:358][  0]LogAudioMixer: Display: 	Callback Buffer Frame Size To Use:	  1024
[2022.01.06-02.32.19:358][  0]LogAudioMixer: Display: 	Number of buffers to queue:			  2
[2022.01.06-02.32.19:358][  0]LogAudioMixer: Display: 	Max Channels (voices):				  32
[2022.01.06-02.32.19:358][  0]LogAudioMixer: Display: 	Number of Async Source Workers:		  0
[2022.01.06-02.32.19:358][  0]LogAudio: Display: AudioDevice MaxSources: 32
[2022.01.06-02.32.19:361][  0]LogAudio: Display: Audio Spatialization Plugin: None (built-in).
[2022.01.06-02.32.19:361][  0]LogAudio: Display: Audio Reverb Plugin: None (built-in).
[2022.01.06-02.32.19:361][  0]LogAudio: Display: Audio Occlusion Plugin: None (built-in).
[2022.01.06-02.32.19:362][  0]LogAudioMixer: Display: Initializing audio mixer.
[2022.01.06-02.32.19:502][  0]LogAudioMixer: Display: 0: FrontLeft
[2022.01.06-02.32.19:502][  0]LogAudioMixer: Display: 1: FrontRight
[2022.01.06-02.32.19:582][  0]LogAudioMixer: Display: Using Audio Device Speakers (Realtek(R) Audio)
[2022.01.06-02.32.19:617][  0]LogAudioMixer: Display: Initializing Sound Submixes...
[2022.01.06-02.32.19:657][  0]LogAudioMixer: Display: Creating Master Submix 'MasterSubmixDefault'
[2022.01.06-02.32.19:657][  0]LogAudioMixer: Display: Creating Master Submix 'MasterReverbSubmixDefault'
[2022.01.06-02.32.19:659][  0]LogAudioMixer: Display: Creating Master Submix 'MasterEQSubmixDefault'
[2022.01.06-02.32.19:659][  0]LogAudioMixer: FMixerPlatformXAudio2::StartAudioStream() called
[2022.01.06-02.32.19:659][  0]LogAudioMixer: Display: Output buffers initialized: Frames=1024, Channels=2, Samples=2048
[2022.01.06-02.32.19:661][  0]LogAudioMixer: Display: Starting AudioMixerPlatformInterface::RunInternal()
[2022.01.06-02.32.19:661][  0]LogAudioMixer: Display: FMixerPlatformXAudio2::SubmitBuffer() called for the first time
[2022.01.06-02.32.19:661][  0]LogInit: FAudioDevice initialized.
[2022.01.06-02.32.19:663][  0]LogAudio: Display: Audio Device (ID: 1) registered with world 'Untitled'.
[2022.01.06-02.32.19:703][  0]LogNetVersion: Set ProjectVersion to 1.0.0.0. Version Checksum will be recalculated on next use.
[2022.01.06-02.32.19:760][  0]LogDerivedDataCache: Saved boot cache 0.06s 95MB C:/Users/Jeremy/AppData/Local/UnrealEngine/4.27/DerivedDataCache/Boot.ddc.
[2022.01.06-02.32.19:760][  0]LogInit: Texture streaming: Enabled
[2022.01.06-02.32.19:937][  0]LogAnalytics: Display: [UEEditor.Rocket.Release] APIServer = https://datarouter.ol.epicgames.com/. AppVersion = 4.27.0-17155196+++UE4+Release-4.27
[2022.01.06-02.32.20:003][  0]LogEngineSessionManager: EngineSessionManager initialized
[2022.01.06-02.32.20:012][  0]LogEditorSessionSummary: Verbose: Initializing EditorSessionSummaryWriter for editor session tracking
[2022.01.06-02.32.20:021][  0]LogEditorSessionSummary: EditorSessionSummaryWriter initialized
[2022.01.06-02.32.20:501][  0]LogInit: Transaction tracking system initialized
[2022.01.06-02.32.21:016][  0]BlueprintLog: New page: Editor Load
[2022.01.06-02.32.22:309][  0]LocalizationService: Localization service is disabled
[2022.01.06-02.32.22:706][  0]TimingProfiler: Initialize
[2022.01.06-02.32.22:708][  0]TimingProfiler: OnSessionChanged
[2022.01.06-02.32.22:708][  0]LoadingProfiler: Initialize
[2022.01.06-02.32.22:709][  0]LoadingProfiler: OnSessionChanged
[2022.01.06-02.32.22:709][  0]NetworkingProfiler: Initialize
[2022.01.06-02.32.22:709][  0]NetworkingProfiler: OnSessionChanged
[2022.01.06-02.32.22:709][  0]MemoryProfiler: Initialize
[2022.01.06-02.32.22:709][  0]MemoryProfiler: OnSessionChanged
[2022.01.06-02.32.23:543][  0]LogVSAccessor: Display: Unable to create Visual Studio setup instance: 80040154
[2022.01.06-02.32.23:544][  0]LogVSAccessor: Display: Unable to create Visual Studio setup instance: 80040154
[2022.01.06-02.32.23:544][  0]LogVSAccessor: Display: Unable to create Visual Studio setup instance: 80040154
[2022.01.06-02.32.25:553][  0]LogFileCache: Scanning file cache for directory 'C:/Users/Jeremy/Documents/ODD/the_flaming_wok/TakeThree 4.27/Content/' took 0.04s
[2022.01.06-02.32.25:553][  0]LogCook: Display: CookSettings for Memory: MemoryMaxUsedVirtual 0MiB, MemoryMaxUsedPhysical 16384MiB, MemoryMinFreeVirtual 0MiB, MemoryMinFreePhysical 1024MiB
[2022.01.06-02.32.25:553][  0]LogCook: Display: Mobile HDR setting 1
[2022.01.06-02.32.29:537][  0]LogStreaming: Warning: Failed to read file '../../../Engine/Content/Editor/Slate/Niagara/MenuSeparator.png' error.
[2022.01.06-02.32.29:537][  0]LogSlate: Could not find file for Slate resource: ../../../Engine/Content/Editor/Slate/Niagara/MenuSeparator.png
[2022.01.06-02.32.29:537][  0]LogStreaming: Warning: Failed to read file '../../../Engine/Content/Editor/Slate/Niagara/Common/Selector.png' error.
[2022.01.06-02.32.29:537][  0]LogSlate: Could not find file for Slate resource: ../../../Engine/Content/Editor/Slate/Niagara/Common/Selector.png
[2022.01.06-02.32.29:537][  0]LogStreaming: Warning: Failed to read file '../../../Engine/Content/Editor/Slate/Niagara/Common/Selection.png' error.
[2022.01.06-02.32.29:537][  0]LogSlate: Could not find file for Slate resource: ../../../Engine/Content/Editor/Slate/Niagara/Common/Selection.png
[2022.01.06-02.32.29:537][  0]LogStreaming: Warning: Failed to read file '../../../Engine/Content/Editor/Slate/Niagara/Common/DropZoneIndicator_Onto.png' error.
[2022.01.06-02.32.29:537][  0]LogSlate: Could not find file for Slate resource: ../../../Engine/Content/Editor/Slate/Niagara/Common/DropZoneIndicator_Onto.png
[2022.01.06-02.32.29:537][  0]LogStreaming: Warning: Failed to read file '../../../Engine/Content/Editor/Slate/Niagara/Common/DropZoneIndicator_Above.png' error.
[2022.01.06-02.32.29:537][  0]LogSlate: Could not find file for Slate resource: ../../../Engine/Content/Editor/Slate/Niagara/Common/DropZoneIndicator_Above.png
[2022.01.06-02.32.29:537][  0]LogStreaming: Warning: Failed to read file '../../../Engine/Content/Editor/Slate/Niagara/Common/DropZoneIndicator_Below.png' error.
[2022.01.06-02.32.29:537][  0]LogSlate: Could not find file for Slate resource: ../../../Engine/Content/Editor/Slate/Niagara/Common/DropZoneIndicator_Below.png
[2022.01.06-02.32.29:537][  0]LogStreaming: Warning: Failed to read file '../../../Engine/Content/Editor/Slate/Niagara/Common/FlatButton.png' error.
[2022.01.06-02.32.29:537][  0]LogStreaming: Warning: Failed to read file '../../../Engine/Content/Editor/Slate/Niagara/Common/RoundedSelection_16x.png' error.
[2022.01.06-02.32.29:537][  0]LogSlate: Could not find file for Slate resource: ../../../Engine/Content/Editor/Slate/Niagara/Common/RoundedSelection_16x.png
[2022.01.06-02.32.29:537][  0]LogSlate: Could not find file for Slate resource: ../../../Engine/Content/Editor/Slate/Niagara/Common/FlatButton.png
[2022.01.06-02.32.29:581][  0]LogImageWrapper: Warning: PNG Warning: Duplicate iCCP chunk
[2022.01.06-02.32.29:581][  0]LogImageWrapper: Warning: PNG Warning: Duplicate iCCP chunk
[2022.01.06-02.32.29:715][  0]LogInit: Display: Engine is initialized. Leaving FEngineLoop::Init()
[2022.01.06-02.32.29:888][  0]SourceControl: Source control is disabled
[2022.01.06-02.32.29:889][  0]LogUnrealEdMisc: Loading editor; pre map load, took 87.652
[2022.01.06-02.32.29:923][  0]Cmd: MAP LOAD FILE="C:/Users/Jeremy/Documents/ODD/the_flaming_wok/TakeThree 4.27/Content/TopDownBP/Maps/TopDownExampleMap.umap" TEMPLATE=0 SHOWPROGRESS=1 FEATURELEVEL=3
[2022.01.06-02.32.29:938][  0]LogEditorServer: Warning: Can't find file 'C:/Users/Jeremy/Documents/ODD/the_flaming_wok/TakeThree 4.27/Content/TopDownBP/Maps/TopDownExampleMap.umap'
[2022.01.06-02.32.29:964][  0]Cmd: MAP CHECKDEP NOCLEARLOG
[2022.01.06-02.32.29:975][  0]MapCheck: Map check complete: 0 Error(s), 0 Warning(s), took 11.719ms to complete.
[2022.01.06-02.32.29:975][  0]LogFileHelpers: Loading map 'TopDownExampleMap' took 0.062
[2022.01.06-02.32.31:972][  0]LogUnrealEdMisc: Total Editor Startup Time, took 89.736
[2022.01.06-02.32.32:807][  0]LogSlate: Updating window title bar state: overlay mode, drag disabled, window buttons hidden, title bar hidden
[2022.01.06-02.32.32:832][  0]LogSlate: Updating window title bar state: overlay mode, drag disabled, window buttons hidden, title bar hidden
[2022.01.06-02.32.32:838][  0]LogSlate: Updating window title bar state: overlay mode, drag disabled, window buttons hidden, title bar hidden
[2022.01.06-02.32.32:843][  0]LogSlate: Updating window title bar state: overlay mode, drag disabled, window buttons hidden, title bar hidden
[2022.01.06-02.32.33:431][  0]LogPakFile: PakFile PrimaryIndexSize=187
[2022.01.06-02.32.33:431][  0]LogPakFile: PakFile PathHashIndexSize=101
[2022.01.06-02.32.33:431][  0]LogPakFile: PakFile FullDirectoryIndexSize=148
[2022.01.06-02.32.33:453][  0]LogShaderLibrary: Display: ShaderCodeLibraryPakFileMountedCallback: PakFile 'D:/UE_4.27/FeaturePacks/FP_FirstPerson.upack' (chunk index -1, root 'root:/') mounted
[2022.01.06-02.32.33:453][  0]LogShaderLibrary: Display: ShaderCodeLibraryPakFileMountedCallback: pending pak file info (ChunkID:-1 Root:root:/ File:D:/UE_4.27/FeaturePacks/FP_FirstPerson.upack)
[2022.01.06-02.32.33:453][  0]LogPakFile: OnPakFileMounted2Time == 0.022165
[2022.01.06-02.32.33:483][  0]LogPakFile: PakFile PrimaryIndexSize=189
[2022.01.06-02.32.33:483][  0]LogPakFile: PakFile PathHashIndexSize=101
[2022.01.06-02.32.33:483][  0]LogPakFile: PakFile FullDirectoryIndexSize=152
[2022.01.06-02.32.33:483][  0]LogShaderLibrary: Display: ShaderCodeLibraryPakFileMountedCallback: PakFile 'D:/UE_4.27/FeaturePacks/FP_FirstPersonBP.upack' (chunk index -1, root 'root:/') mounted
[2022.01.06-02.32.33:483][  0]LogShaderLibrary: Display: ShaderCodeLibraryPakFileMountedCallback: pending pak file info (ChunkID:-1 Root:root:/ File:D:/UE_4.27/FeaturePacks/FP_FirstPersonBP.upack)
[2022.01.06-02.32.33:483][  0]LogPakFile: OnPakFileMounted2Time == 0.000043
[2022.01.06-02.32.33:530][  0]LogPakFile: PakFile PrimaryIndexSize=191
[2022.01.06-02.32.33:530][  0]LogPakFile: PakFile PathHashIndexSize=101
[2022.01.06-02.32.33:530][  0]LogPakFile: PakFile FullDirectoryIndexSize=160
[2022.01.06-02.32.33:530][  0]LogShaderLibrary: Display: ShaderCodeLibraryPakFileMountedCallback: PakFile 'D:/UE_4.27/FeaturePacks/MobileStarterContent.upack' (chunk index -1, root 'root:/') mounted
[2022.01.06-02.32.33:530][  0]LogShaderLibrary: Display: ShaderCodeLibraryPakFileMountedCallback: pending pak file info (ChunkID:-1 Root:root:/ File:D:/UE_4.27/FeaturePacks/MobileStarterContent.upack)
[2022.01.06-02.32.33:530][  0]LogPakFile: OnPakFileMounted2Time == 0.000039
[2022.01.06-02.32.33:537][  0]LogPakFile: PakFile PrimaryIndexSize=185
[2022.01.06-02.32.33:537][  0]LogPakFile: PakFile PathHashIndexSize=101
[2022.01.06-02.32.33:537][  0]LogPakFile: PakFile FullDirectoryIndexSize=148
[2022.01.06-02.32.33:537][  0]LogShaderLibrary: Display: ShaderCodeLibraryPakFileMountedCallback: PakFile 'D:/UE_4.27/FeaturePacks/StarterContent.upack' (chunk index -1, root 'root:/') mounted
[2022.01.06-02.32.33:537][  0]LogShaderLibrary: Display: ShaderCodeLibraryPakFileMountedCallback: pending pak file info (ChunkID:-1 Root:root:/ File:D:/UE_4.27/FeaturePacks/StarterContent.upack)
[2022.01.06-02.32.33:537][  0]LogPakFile: OnPakFileMounted2Time == 0.000040
[2022.01.06-02.32.33:543][  0]LogPakFile: PakFile PrimaryIndexSize=190
[2022.01.06-02.32.33:543][  0]LogPakFile: PakFile PathHashIndexSize=101
[2022.01.06-02.32.33:543][  0]LogPakFile: PakFile FullDirectoryIndexSize=154
[2022.01.06-02.32.33:543][  0]LogShaderLibrary: Display: ShaderCodeLibraryPakFileMountedCallback: PakFile 'D:/UE_4.27/FeaturePacks/TP_2DSideScroller.upack' (chunk index -1, root 'root:/') mounted
[2022.01.06-02.32.33:543][  0]LogShaderLibrary: Display: ShaderCodeLibraryPakFileMountedCallback: pending pak file info (ChunkID:-1 Root:root:/ File:D:/UE_4.27/FeaturePacks/TP_2DSideScroller.upack)
[2022.01.06-02.32.33:543][  0]LogPakFile: OnPakFileMounted2Time == 0.000040
[2022.01.06-02.32.33:548][  0]LogPakFile: PakFile PrimaryIndexSize=192
[2022.01.06-02.32.33:548][  0]LogPakFile: PakFile PathHashIndexSize=101
[2022.01.06-02.32.33:548][  0]LogPakFile: PakFile FullDirectoryIndexSize=158
[2022.01.06-02.32.33:548][  0]LogShaderLibrary: Display: ShaderCodeLibraryPakFileMountedCallback: PakFile 'D:/UE_4.27/FeaturePacks/TP_2DSideScrollerBP.upack' (chunk index -1, root 'root:/') mounted
[2022.01.06-02.32.33:548][  0]LogShaderLibrary: Display: ShaderCodeLibraryPakFileMountedCallback: pending pak file info (ChunkID:-1 Root:root:/ File:D:/UE_4.27/FeaturePacks/TP_2DSideScrollerBP.upack)
[2022.01.06-02.32.33:548][  0]LogPakFile: OnPakFileMounted2Time == 0.000031
[2022.01.06-02.32.33:552][  0]LogPakFile: PakFile PrimaryIndexSize=182
[2022.01.06-02.32.33:552][  0]LogPakFile: PakFile PathHashIndexSize=101
[2022.01.06-02.32.33:552][  0]LogPakFile: PakFile FullDirectoryIndexSize=138
[2022.01.06-02.32.33:552][  0]LogShaderLibrary: Display: ShaderCodeLibraryPakFileMountedCallback: PakFile 'D:/UE_4.27/FeaturePacks/TP_Flying.upack' (chunk index -1, root 'root:/') mounted
[2022.01.06-02.32.33:552][  0]LogShaderLibrary: Display: ShaderCodeLibraryPakFileMountedCallback: pending pak file info (ChunkID:-1 Root:root:/ File:D:/UE_4.27/FeaturePacks/TP_Flying.upack)
[2022.01.06-02.32.33:552][  0]LogPakFile: OnPakFileMounted2Time == 0.000031
[2022.01.06-02.32.33:557][  0]LogPakFile: PakFile PrimaryIndexSize=184
[2022.01.06-02.32.33:558][  0]LogPakFile: PakFile PathHashIndexSize=101
[2022.01.06-02.32.33:558][  0]LogPakFile: PakFile FullDirectoryIndexSize=142
[2022.01.06-02.32.33:558][  0]LogShaderLibrary: Display: ShaderCodeLibraryPakFileMountedCallback: PakFile 'D:/UE_4.27/FeaturePacks/TP_FlyingBP.upack' (chunk index -1, root 'root:/') mounted
[2022.01.06-02.32.33:558][  0]LogShaderLibrary: Display: ShaderCodeLibraryPakFileMountedCallback: pending pak file info (ChunkID:-1 Root:root:/ File:D:/UE_4.27/FeaturePacks/TP_FlyingBP.upack)
[2022.01.06-02.32.33:558][  0]LogPakFile: OnPakFileMounted2Time == 0.000041
[2022.01.06-02.32.33:614][  0]LogPakFile: PakFile PrimaryIndexSize=188
[2022.01.06-02.32.33:614][  0]LogPakFile: PakFile PathHashIndexSize=101
[2022.01.06-02.32.33:614][  0]LogPakFile: PakFile FullDirectoryIndexSize=150
[2022.01.06-02.32.33:614][  0]LogShaderLibrary: Display: ShaderCodeLibraryPakFileMountedCallback: PakFile 'D:/UE_4.27/FeaturePacks/TP_HandheldARBP.upack' (chunk index -1, root 'root:/') mounted
[2022.01.06-02.32.33:614][  0]LogShaderLibrary: Display: ShaderCodeLibraryPakFileMountedCallback: pending pak file info (ChunkID:-1 Root:root:/ File:D:/UE_4.27/FeaturePacks/TP_HandheldARBP.upack)
[2022.01.06-02.32.33:614][  0]LogPakFile: OnPakFileMounted2Time == 0.000038
[2022.01.06-02.32.33:623][  0]LogPakFile: PakFile PrimaryIndexSize=182
[2022.01.06-02.32.33:623][  0]LogPakFile: PakFile PathHashIndexSize=101
[2022.01.06-02.32.33:623][  0]LogPakFile: PakFile FullDirectoryIndexSize=138
[2022.01.06-02.32.33:623][  0]LogShaderLibrary: Display: ShaderCodeLibraryPakFileMountedCallback: PakFile 'D:/UE_4.27/FeaturePacks/TP_Puzzle.upack' (chunk index -1, root 'root:/') mounted
[2022.01.06-02.32.33:623][  0]LogShaderLibrary: Display: ShaderCodeLibraryPakFileMountedCallback: pending pak file info (ChunkID:-1 Root:root:/ File:D:/UE_4.27/FeaturePacks/TP_Puzzle.upack)
[2022.01.06-02.32.33:623][  0]LogPakFile: OnPakFileMounted2Time == 0.000038
[2022.01.06-02.32.33:627][  0]LogPakFile: PakFile PrimaryIndexSize=184
[2022.01.06-02.32.33:627][  0]LogPakFile: PakFile PathHashIndexSize=101
[2022.01.06-02.32.33:627][  0]LogPakFile: PakFile FullDirectoryIndexSize=142
[2022.01.06-02.32.33:627][  0]LogShaderLibrary: Display: ShaderCodeLibraryPakFileMountedCallback: PakFile 'D:/UE_4.27/FeaturePacks/TP_PuzzleBP.upack' (chunk index -1, root 'root:/') mounted
[2022.01.06-02.32.33:627][  0]LogShaderLibrary: Display: ShaderCodeLibraryPakFileMountedCallback: pending pak file info (ChunkID:-1 Root:root:/ File:D:/UE_4.27/FeaturePacks/TP_PuzzleBP.upack)
[2022.01.06-02.32.33:627][  0]LogPakFile: OnPakFileMounted2Time == 0.000035
[2022.01.06-02.32.33:632][  0]LogPakFile: PakFile PrimaryIndexSize=183
[2022.01.06-02.32.33:632][  0]LogPakFile: PakFile PathHashIndexSize=101
[2022.01.06-02.32.33:632][  0]LogPakFile: PakFile FullDirectoryIndexSize=140
[2022.01.06-02.32.33:632][  0]LogShaderLibrary: Display: ShaderCodeLibraryPakFileMountedCallback: PakFile 'D:/UE_4.27/FeaturePacks/TP_Rolling.upack' (chunk index -1, root 'root:/') mounted
[2022.01.06-02.32.33:632][  0]LogShaderLibrary: Display: ShaderCodeLibraryPakFileMountedCallback: pending pak file info (ChunkID:-1 Root:root:/ File:D:/UE_4.27/FeaturePacks/TP_Rolling.upack)
[2022.01.06-02.32.33:632][  0]LogPakFile: OnPakFileMounted2Time == 0.000038
[2022.01.06-02.32.33:637][  0]LogPakFile: PakFile PrimaryIndexSize=185
[2022.01.06-02.32.33:637][  0]LogPakFile: PakFile PathHashIndexSize=101
[2022.01.06-02.32.33:637][  0]LogPakFile: PakFile FullDirectoryIndexSize=144
[2022.01.06-02.32.33:637][  0]LogShaderLibrary: Display: ShaderCodeLibraryPakFileMountedCallback: PakFile 'D:/UE_4.27/FeaturePacks/TP_RollingBP.upack' (chunk index -1, root 'root:/') mounted
[2022.01.06-02.32.33:637][  0]LogShaderLibrary: Display: ShaderCodeLibraryPakFileMountedCallback: pending pak file info (ChunkID:-1 Root:root:/ File:D:/UE_4.27/FeaturePacks/TP_RollingBP.upack)
[2022.01.06-02.32.33:637][  0]LogPakFile: OnPakFileMounted2Time == 0.000036
[2022.01.06-02.32.33:641][  0]LogPakFile: PakFile PrimaryIndexSize=188
[2022.01.06-02.32.33:641][  0]LogPakFile: PakFile PathHashIndexSize=101
[2022.01.06-02.32.33:641][  0]LogPakFile: PakFile FullDirectoryIndexSize=150
[2022.01.06-02.32.33:641][  0]LogShaderLibrary: Display: ShaderCodeLibraryPakFileMountedCallback: PakFile 'D:/UE_4.27/FeaturePacks/TP_SideScroller.upack' (chunk index -1, root 'root:/') mounted
[2022.01.06-02.32.33:641][  0]LogShaderLibrary: Display: ShaderCodeLibraryPakFileMountedCallback: pending pak file info (ChunkID:-1 Root:root:/ File:D:/UE_4.27/FeaturePacks/TP_SideScroller.upack)
[2022.01.06-02.32.33:641][  0]LogPakFile: OnPakFileMounted2Time == 0.000034
[2022.01.06-02.32.33:645][  0]LogPakFile: PakFile PrimaryIndexSize=190
[2022.01.06-02.32.33:645][  0]LogPakFile: PakFile PathHashIndexSize=101
[2022.01.06-02.32.33:645][  0]LogPakFile: PakFile FullDirectoryIndexSize=154
[2022.01.06-02.32.33:645][  0]LogShaderLibrary: Display: ShaderCodeLibraryPakFileMountedCallback: PakFile 'D:/UE_4.27/FeaturePacks/TP_SideScrollerBP.upack' (chunk index -1, root 'root:/') mounted
[2022.01.06-02.32.33:645][  0]LogShaderLibrary: Display: ShaderCodeLibraryPakFileMountedCallback: pending pak file info (ChunkID:-1 Root:root:/ File:D:/UE_4.27/FeaturePacks/TP_SideScrollerBP.upack)
[2022.01.06-02.32.33:645][  0]LogPakFile: OnPakFileMounted2Time == 0.000036
[2022.01.06-02.32.33:650][  0]LogPakFile: PakFile PrimaryIndexSize=187
[2022.01.06-02.32.33:650][  0]LogPakFile: PakFile PathHashIndexSize=101
[2022.01.06-02.32.33:650][  0]LogPakFile: PakFile FullDirectoryIndexSize=148
[2022.01.06-02.32.33:650][  0]LogShaderLibrary: Display: ShaderCodeLibraryPakFileMountedCallback: PakFile 'D:/UE_4.27/FeaturePacks/TP_ThirdPerson.upack' (chunk index -1, root 'root:/') mounted
[2022.01.06-02.32.33:650][  0]LogShaderLibrary: Display: ShaderCodeLibraryPakFileMountedCallback: pending pak file info (ChunkID:-1 Root:root:/ File:D:/UE_4.27/FeaturePacks/TP_ThirdPerson.upack)
[2022.01.06-02.32.33:650][  0]LogPakFile: OnPakFileMounted2Time == 0.000039
[2022.01.06-02.32.33:688][  0]LogPakFile: PakFile PrimaryIndexSize=189
[2022.01.06-02.32.33:688][  0]LogPakFile: PakFile PathHashIndexSize=101
[2022.01.06-02.32.33:688][  0]LogPakFile: PakFile FullDirectoryIndexSize=152
[2022.01.06-02.32.33:688][  0]LogShaderLibrary: Display: ShaderCodeLibraryPakFileMountedCallback: PakFile 'D:/UE_4.27/FeaturePacks/TP_ThirdPersonBP.upack' (chunk index -1, root 'root:/') mounted
[2022.01.06-02.32.33:688][  0]LogShaderLibrary: Display: ShaderCodeLibraryPakFileMountedCallback: pending pak file info (ChunkID:-1 Root:root:/ File:D:/UE_4.27/FeaturePacks/TP_ThirdPersonBP.upack)
[2022.01.06-02.32.33:688][  0]LogPakFile: OnPakFileMounted2Time == 0.000039
[2022.01.06-02.32.33:696][  0]LogPakFile: PakFile PrimaryIndexSize=183
[2022.01.06-02.32.33:696][  0]LogPakFile: PakFile PathHashIndexSize=101
[2022.01.06-02.32.33:696][  0]LogPakFile: PakFile FullDirectoryIndexSize=140
[2022.01.06-02.32.33:696][  0]LogShaderLibrary: Display: ShaderCodeLibraryPakFileMountedCallback: PakFile 'D:/UE_4.27/FeaturePacks/TP_TopDown.upack' (chunk index -1, root 'root:/') mounted
[2022.01.06-02.32.33:696][  0]LogShaderLibrary: Display: ShaderCodeLibraryPakFileMountedCallback: pending pak file info (ChunkID:-1 Root:root:/ File:D:/UE_4.27/FeaturePacks/TP_TopDown.upack)
[2022.01.06-02.32.33:696][  0]LogPakFile: OnPakFileMounted2Time == 0.000048
[2022.01.06-02.32.33:702][  0]LogPakFile: PakFile PrimaryIndexSize=185
[2022.01.06-02.32.33:702][  0]LogPakFile: PakFile PathHashIndexSize=101
[2022.01.06-02.32.33:702][  0]LogPakFile: PakFile FullDirectoryIndexSize=144
[2022.01.06-02.32.33:702][  0]LogShaderLibrary: Display: ShaderCodeLibraryPakFileMountedCallback: PakFile 'D:/UE_4.27/FeaturePacks/TP_TopDownBP.upack' (chunk index -1, root 'root:/') mounted
[2022.01.06-02.32.33:702][  0]LogShaderLibrary: Display: ShaderCodeLibraryPakFileMountedCallback: pending pak file info (ChunkID:-1 Root:root:/ File:D:/UE_4.27/FeaturePacks/TP_TopDownBP.upack)
[2022.01.06-02.32.33:702][  0]LogPakFile: OnPakFileMounted2Time == 0.000029
[2022.01.06-02.32.33:709][  0]LogPakFile: PakFile PrimaryIndexSize=185
[2022.01.06-02.32.33:709][  0]LogPakFile: PakFile PathHashIndexSize=101
[2022.01.06-02.32.33:709][  0]LogPakFile: PakFile FullDirectoryIndexSize=144
[2022.01.06-02.32.33:709][  0]LogShaderLibrary: Display: ShaderCodeLibraryPakFileMountedCallback: PakFile 'D:/UE_4.27/FeaturePacks/TP_TwinStick.upack' (chunk index -1, root 'root:/') mounted
[2022.01.06-02.32.33:709][  0]LogShaderLibrary: Display: ShaderCodeLibraryPakFileMountedCallback: pending pak file info (ChunkID:-1 Root:root:/ File:D:/UE_4.27/FeaturePacks/TP_TwinStick.upack)
[2022.01.06-02.32.33:709][  0]LogPakFile: OnPakFileMounted2Time == 0.000032
[2022.01.06-02.32.33:715][  0]LogPakFile: PakFile PrimaryIndexSize=187
[2022.01.06-02.32.33:715][  0]LogPakFile: PakFile PathHashIndexSize=101
[2022.01.06-02.32.33:715][  0]LogPakFile: PakFile FullDirectoryIndexSize=148
[2022.01.06-02.32.33:715][  0]LogShaderLibrary: Display: ShaderCodeLibraryPakFileMountedCallback: PakFile 'D:/UE_4.27/FeaturePacks/TP_TwinStickBP.upack' (chunk index -1, root 'root:/') mounted
[2022.01.06-02.32.33:715][  0]LogShaderLibrary: Display: ShaderCodeLibraryPakFileMountedCallback: pending pak file info (ChunkID:-1 Root:root:/ File:D:/UE_4.27/FeaturePacks/TP_TwinStickBP.upack)
[2022.01.06-02.32.33:715][  0]LogPakFile: OnPakFileMounted2Time == 0.000037
[2022.01.06-02.32.33:720][  0]LogPakFile: PakFile PrimaryIndexSize=183
[2022.01.06-02.32.33:720][  0]LogPakFile: PakFile PathHashIndexSize=101
[2022.01.06-02.32.33:720][  0]LogPakFile: PakFile FullDirectoryIndexSize=140
[2022.01.06-02.32.33:720][  0]LogShaderLibrary: Display: ShaderCodeLibraryPakFileMountedCallback: PakFile 'D:/UE_4.27/FeaturePacks/TP_Vehicle.upack' (chunk index -1, root 'root:/') mounted
[2022.01.06-02.32.33:720][  0]LogShaderLibrary: Display: ShaderCodeLibraryPakFileMountedCallback: pending pak file info (ChunkID:-1 Root:root:/ File:D:/UE_4.27/FeaturePacks/TP_Vehicle.upack)
[2022.01.06-02.32.33:720][  0]LogPakFile: OnPakFileMounted2Time == 0.000027
[2022.01.06-02.32.33:725][  0]LogPakFile: PakFile PrimaryIndexSize=186
[2022.01.06-02.32.33:725][  0]LogPakFile: PakFile PathHashIndexSize=101
[2022.01.06-02.32.33:725][  0]LogPakFile: PakFile FullDirectoryIndexSize=146
[2022.01.06-02.32.33:725][  0]LogShaderLibrary: Display: ShaderCodeLibraryPakFileMountedCallback: PakFile 'D:/UE_4.27/FeaturePacks/TP_VehicleAdv.upack' (chunk index -1, root 'root:/') mounted
[2022.01.06-02.32.33:725][  0]LogShaderLibrary: Display: ShaderCodeLibraryPakFileMountedCallback: pending pak file info (ChunkID:-1 Root:root:/ File:D:/UE_4.27/FeaturePacks/TP_VehicleAdv.upack)
[2022.01.06-02.32.33:725][  0]LogPakFile: OnPakFileMounted2Time == 0.000029
[2022.01.06-02.32.33:729][  0]LogPakFile: PakFile PrimaryIndexSize=188
[2022.01.06-02.32.33:729][  0]LogPakFile: PakFile PathHashIndexSize=101
[2022.01.06-02.32.33:729][  0]LogPakFile: PakFile FullDirectoryIndexSize=150
[2022.01.06-02.32.33:729][  0]LogShaderLibrary: Display: ShaderCodeLibraryPakFileMountedCallback: PakFile 'D:/UE_4.27/FeaturePacks/TP_VehicleAdvBP.upack' (chunk index -1, root 'root:/') mounted
[2022.01.06-02.32.33:729][  0]LogShaderLibrary: Display: ShaderCodeLibraryPakFileMountedCallback: pending pak file info (ChunkID:-1 Root:root:/ File:D:/UE_4.27/FeaturePacks/TP_VehicleAdvBP.upack)
[2022.01.06-02.32.33:729][  0]LogPakFile: OnPakFileMounted2Time == 0.000032
[2022.01.06-02.32.33:735][  0]LogPakFile: PakFile PrimaryIndexSize=185
[2022.01.06-02.32.33:735][  0]LogPakFile: PakFile PathHashIndexSize=101
[2022.01.06-02.32.33:735][  0]LogPakFile: PakFile FullDirectoryIndexSize=144
[2022.01.06-02.32.33:735][  0]LogShaderLibrary: Display: ShaderCodeLibraryPakFileMountedCallback: PakFile 'D:/UE_4.27/FeaturePacks/TP_VehicleBP.upack' (chunk index -1, root 'root:/') mounted
[2022.01.06-02.32.33:735][  0]LogShaderLibrary: Display: ShaderCodeLibraryPakFileMountedCallback: pending pak file info (ChunkID:-1 Root:root:/ File:D:/UE_4.27/FeaturePacks/TP_VehicleBP.upack)
[2022.01.06-02.32.33:735][  0]LogPakFile: OnPakFileMounted2Time == 0.000038
[2022.01.06-02.32.33:740][  0]LogPakFile: PakFile PrimaryIndexSize=192
[2022.01.06-02.32.33:740][  0]LogPakFile: PakFile PathHashIndexSize=101
[2022.01.06-02.32.33:740][  0]LogPakFile: PakFile FullDirectoryIndexSize=158
[2022.01.06-02.32.33:740][  0]LogShaderLibrary: Display: ShaderCodeLibraryPakFileMountedCallback: PakFile 'D:/UE_4.27/FeaturePacks/TP_VirtualRealityBP.upack' (chunk index -1, root 'root:/') mounted
[2022.01.06-02.32.33:740][  0]LogShaderLibrary: Display: ShaderCodeLibraryPakFileMountedCallback: pending pak file info (ChunkID:-1 Root:root:/ File:D:/UE_4.27/FeaturePacks/TP_VirtualRealityBP.upack)
[2022.01.06-02.32.33:740][  0]LogPakFile: OnPakFileMounted2Time == 0.000032
[2022.01.06-02.32.35:969][  0]LogSlate: Took 0.035739 seconds to synchronously load lazily loaded font '../../../Engine/Content/Slate/Fonts/Roboto-Regular.ttf' (155K)
[2022.01.06-02.32.36:003][  0]LogSlate: Took 0.021377 seconds to synchronously load lazily loaded font '../../../Engine/Content/Editor/Slate/Fonts/FontAwesome.ttf' (139K)
[2022.01.06-02.32.36:039][  0]LogSlate: Took 0.024998 seconds to synchronously load lazily loaded font '../../../Engine/Content/Slate/Fonts/Roboto-Bold.ttf' (160K)
[2022.01.06-02.32.36:708][  0]LogRenderer: Reallocating scene render targets to support 1308x572 Format 10 NumSamples 1 (Frame:1).
[2022.01.06-02.32.37:126][  0]LogSlate: Took 0.005640 seconds to synchronously load lazily loaded font '../../../Engine/Content/Slate/Fonts/Roboto-Light.ttf' (167K)
[2022.01.06-02.32.37:362][  0]LogInput: Warning: Action ResetVR uses invalid key OculusGo_Left_Back_Click.
[2022.01.06-02.32.37:362][  0]LogInput: Warning: Use -RemoveInvalidKeys to remove instances of these keys from the action mapping.
[2022.01.06-02.32.37:362][  0]LogLoad: (Engine Initialization) Total time: 95.13 seconds
[2022.01.06-02.32.37:362][  0]LogLoad: (Engine Initialization) Total Blueprint compile time: 0.00 seconds
[2022.01.06-02.32.37:779][  0]LogContentStreaming: Texture pool size now 1000 MB
[2022.01.06-02.32.38:206][  1]LogAssetRegistry: Asset discovery search completed in 54.4916 seconds
[2022.01.06-02.32.38:387][  1]LogCollectionManager: Fixed up redirectors for 0 collections in 0.026016 seconds (updated 0 objects)
[2022.01.06-02.32.38:517][  2]LogNativeClassHierarchy: Verbose: Native class hierarchy populated in 0.0217 seconds. Added 3822 classes and 928 folders.
[2022.01.06-02.33.01:046][444]LogUObjectHash: Compacting FUObjectHashTables data took   1.47ms
[2022.01.06-02.33.01:144][444]LogSlate: Took 0.000245 seconds to synchronously load lazily loaded font '../../../Engine/Content/Slate/Fonts/Roboto-Light.ttf' (167K)
[2022.01.06-02.33.03:812][444]LogAssetEditorSubsystem: Opening Asset editor for World /Game/Main/Maps/TestMapMain.TestMapMain
[2022.01.06-02.33.03:827][444]Cmd: MAP LOAD FILE="C:/Users/Jeremy/Documents/ODD/the_flaming_wok/TakeThree 4.27/Content/Main/Maps/TestMapMain.umap" TEMPLATE=0 SHOWPROGRESS=1 FEATURELEVEL=3
[2022.01.06-02.33.03:838][444]LightingResults: New page: Lighting Build
[2022.01.06-02.33.03:884][444]LogNativeClassHierarchy: Verbose: Native class hierarchy updated for 'StatsViewer' in 0.0003 seconds. Added 6 classes and 0 folders.
[2022.01.06-02.33.03:884][444]LoadErrors: New page: Loading map: TestMapMain.umap
[2022.01.06-02.33.03:963][444]LogWorld: UWorld::CleanupWorld for Untitled, bSessionEnded=true, bCleanupResources=true
[2022.01.06-02.33.04:070][444]LogSlate: InvalidateAllWidgets triggered.  All widgets were invalidated
[2022.01.06-02.33.04:134][444]MapCheck: New page: Map Check
[2022.01.06-02.33.04:134][444]LightingResults: New page: Lighting Build
[2022.01.06-02.33.04:182][444]LogAudio: Display: Audio Device unregistered from world 'None'.
[2022.01.06-02.33.04:374][444]LogUObjectHash: Compacting FUObjectHashTables data took   1.00ms
[2022.01.06-02.33.04:376][444]LogAudio: Display: Audio Device (ID: 1) registered with world 'TestMapMain'.
[2022.01.06-02.33.05:617][444]LogEditorServer: Finished looking for orphan Actors (0.000 secs)
[2022.01.06-02.33.05:617][444]LogAIModule: Creating AISystem for world TestMapMain
[2022.01.06-02.33.05:667][444]LogUObjectHash: Compacting FUObjectHashTables data took   0.77ms
[2022.01.06-02.33.05:677][444]Cmd: MAP CHECKDEP NOCLEARLOG
[2022.01.06-02.33.05:677][444]MapCheck: Map check complete: 0 Error(s), 0 Warning(s), took 0.203ms to complete.
[2022.01.06-02.33.05:677][444]LogFileHelpers: Loading map 'TestMapMain' took 1.851
[2022.01.06-02.42.37:257][825]LogEditorViewport: Clicking on Actor (LMB): Landscape (Landscape)
[2022.01.06-02.42.37:981][842]LogEditorViewport: Clicking on Actor (LMB): Landscape (Landscape)
[2022.01.06-02.42.38:798][920]LogEditorViewport: Clicking on Actor (LMB): BP_Sky_Sphere_C (SkySphereBlueprint)
[2022.01.06-02.42.42:775][277]LogEditorViewport: Clicking on Actor (LMB): BP_Sky_Sphere_C (SkySphereBlueprint)
[2022.01.06-02.45.48:511][991]LogSlate: Took 0.036570 seconds to synchronously load lazily loaded font '../../../Engine/Content/Slate/Fonts/Roboto-Italic.ttf' (157K)
